2022-11-02 16:04:59,032 [ZeusDataLoader(train)] Distributed data parallel: OFF
2022-11-02 16:04:59,032 [ZeusDataLoader(train)] The profile window takes 50 iterations (10 for warmup + 40 for profile) and exceeds the number of iterations (49) in one epoch. Scaling the profile window to fit in one epoch...
2022-11-02 16:04:59,032 [ZeusDataLoader(train)] Scaling done! New profile window takes 47 iterations (9 for warmup + 38 for profile).
2022-11-02 16:04:59,075 [ZeusDataLoader(train)] Power limit range: [175000, 150000, 125000, 100000]
2022-11-02 16:04:59,075 [ZeusDataLoader(train)] Power profiling: ON
2022-11-02 16:05:01,752 [ZeusDataLoader(train)] Up to epoch 0: time=0.00, energy=0.00, cost=0.00
2022-11-02 16:05:01,753 [ZeusDataLoader(train)] Epoch 1 begin.
Files already downloaded and verified
Files already downloaded and verified
2022-11-02 16:05:01,907 [ZeusDataLoader(train)] [GPU_0] Zeus monitor started.
2022-11-02 20:05:01.915 [ZeusMonitor] Monitor started.
2022-11-02 20:05:01.915 [ZeusMonitor] Running indefinitely. 2022-11-02 20:05:01.915 [ZeusMonitor] Sleeping 100ms after each poll. 
2022-11-02 20:05:01.915 [ZeusMonitor] Logfile path: /workspace/zeus_logs/cifar100+shufflenetv2+bs1024+adam+lr0.001+tm0.5+me100+x2+eta0.5+beta2.0+2022110216041667419495/bs1024+e1+gpu0.power.log
2022-11-02 16:05:02,720 [ZeusDataLoader(train)] [GPU_0] Set GPU power limit to 175W.
2022-11-02 16:05:02,720 [ZeusDataLoader(train)] Warm-up started with power limit 175W
2022-11-02 16:05:16,211 [ZeusDataLoader(train)] Profile started with power limit 175W
2022-11-02 16:06:09,137 [ZeusDataLoader(train)] Profile done with power limit 175W
2022-11-02 16:06:11,736 [ZeusDataLoader(train)] train epoch 1 done: time=69.98 energy=10591.34
2022-11-02 16:06:11,739 [ZeusDataLoader(eval)] Epoch 1 begin.
Training Epoch: 0 [1024/50176]	Loss: 5.0672
Training Epoch: 0 [2048/50176]	Loss: 6.1421
Training Epoch: 0 [3072/50176]	Loss: 7.2219
Training Epoch: 0 [4096/50176]	Loss: 6.7354
Training Epoch: 0 [5120/50176]	Loss: 7.3909
Training Epoch: 0 [6144/50176]	Loss: 7.2951
Training Epoch: 0 [7168/50176]	Loss: 6.9226
Training Epoch: 0 [8192/50176]	Loss: 6.4294
Training Epoch: 0 [9216/50176]	Loss: 5.7520
Training Epoch: 0 [10240/50176]	Loss: 5.3837
Training Epoch: 0 [11264/50176]	Loss: 5.3563
Training Epoch: 0 [12288/50176]	Loss: 4.9632
Training Epoch: 0 [13312/50176]	Loss: 4.9573
Training Epoch: 0 [14336/50176]	Loss: 4.9383
Training Epoch: 0 [15360/50176]	Loss: 4.7456
Training Epoch: 0 [16384/50176]	Loss: 4.9030
Training Epoch: 0 [17408/50176]	Loss: 4.6588
Training Epoch: 0 [18432/50176]	Loss: 4.6827
Training Epoch: 0 [19456/50176]	Loss: 4.4403
Training Epoch: 0 [20480/50176]	Loss: 4.5404
Training Epoch: 0 [21504/50176]	Loss: 4.5551
Training Epoch: 0 [22528/50176]	Loss: 4.4241
Training Epoch: 0 [23552/50176]	Loss: 4.5038
Training Epoch: 0 [24576/50176]	Loss: 4.5813
Training Epoch: 0 [25600/50176]	Loss: 4.3586
Training Epoch: 0 [26624/50176]	Loss: 4.1179
Training Epoch: 0 [27648/50176]	Loss: 4.1747
Training Epoch: 0 [28672/50176]	Loss: 4.2566
Training Epoch: 0 [29696/50176]	Loss: 4.2592
Training Epoch: 0 [30720/50176]	Loss: 4.3600
Training Epoch: 0 [31744/50176]	Loss: 4.5427
Training Epoch: 0 [32768/50176]	Loss: 4.4348
Training Epoch: 0 [33792/50176]	Loss: 4.4097
Training Epoch: 0 [34816/50176]	Loss: 4.6122
Training Epoch: 0 [35840/50176]	Loss: 4.3557
Training Epoch: 0 [36864/50176]	Loss: 4.3052
Training Epoch: 0 [37888/50176]	Loss: 4.2787
Training Epoch: 0 [38912/50176]	Loss: 4.1431
Training Epoch: 0 [39936/50176]	Loss: 4.2694
Training Epoch: 0 [40960/50176]	Loss: 4.1638
Training Epoch: 0 [41984/50176]	Loss: 4.1274
Training Epoch: 0 [43008/50176]	Loss: 4.1602
Training Epoch: 0 [44032/50176]	Loss: 4.0588
Training Epoch: 0 [45056/50176]	Loss: 4.3062
Training Epoch: 0 [46080/50176]	Loss: 4.2729
Training Epoch: 0 [47104/50176]	Loss: 4.0612
Training Epoch: 0 [48128/50176]	Loss: 4.2218
Training Epoch: 0 [49152/50176]	Loss: 4.2008
Training Epoch: 0 [50176/50176]	Loss: 4.2160
2022-11-02 20:06:17.276 [ZeusMonitor] Caught signal 2, end monitoring.
2022-11-02 16:06:17,318 [ZeusDataLoader(eval)] eval epoch 1 done: time=5.57 energy=800.26
2022-11-02 16:06:17,318 [ZeusDataLoader(train)] Up to epoch 1: time=75.54, energy=11391.60, cost=12305.94
2022-11-02 16:06:17,320 [ZeusDataLoader(train)] Epoch 2 begin.
Validation Epoch: 0, Average loss: 0.0041, Accuracy: 0.0617
2022-11-02 16:06:17,467 [ZeusDataLoader(train)] [GPU_0] Zeus monitor started.
2022-11-02 20:06:17.470 [ZeusMonitor] Monitor started.
2022-11-02 20:06:17.470 [ZeusMonitor] Running indefinitely. 2022-11-02 20:06:17.470 [ZeusMonitor] Sleeping 100ms after each poll. 
2022-11-02 20:06:17.470 [ZeusMonitor] Logfile path: /workspace/zeus_logs/cifar100+shufflenetv2+bs1024+adam+lr0.001+tm0.5+me100+x2+eta0.5+beta2.0+2022110216041667419495/bs1024+e2+gpu0.power.log
2022-11-02 16:06:18,224 [ZeusDataLoader(train)] [GPU_0] Set GPU power limit to 150W.
2022-11-02 16:06:18,224 [ZeusDataLoader(train)] Warm-up started with power limit 150W
2022-11-02 16:06:31,228 [ZeusDataLoader(train)] Profile started with power limit 150W
2022-11-02 16:07:25,715 [ZeusDataLoader(train)] Profile done with power limit 150W
2022-11-02 16:07:28,389 [ZeusDataLoader(train)] train epoch 2 done: time=71.06 energy=10339.40
2022-11-02 16:07:28,393 [ZeusDataLoader(eval)] Epoch 2 begin.
Training Epoch: 1 [1024/50176]	Loss: 4.0993
Training Epoch: 1 [2048/50176]	Loss: 4.0602
Training Epoch: 1 [3072/50176]	Loss: 3.9507
Training Epoch: 1 [4096/50176]	Loss: 4.0438
Training Epoch: 1 [5120/50176]	Loss: 4.0321
Training Epoch: 1 [6144/50176]	Loss: 4.0109
Training Epoch: 1 [7168/50176]	Loss: 4.0346
Training Epoch: 1 [8192/50176]	Loss: 4.0394
Training Epoch: 1 [9216/50176]	Loss: 4.1087
Training Epoch: 1 [10240/50176]	Loss: 4.0528
Training Epoch: 1 [11264/50176]	Loss: 3.9479
Training Epoch: 1 [12288/50176]	Loss: 4.0076
Training Epoch: 1 [13312/50176]	Loss: 3.9475
Training Epoch: 1 [14336/50176]	Loss: 3.8965
Training Epoch: 1 [15360/50176]	Loss: 3.8584
Training Epoch: 1 [16384/50176]	Loss: 4.0223
Training Epoch: 1 [17408/50176]	Loss: 3.9099
Training Epoch: 1 [18432/50176]	Loss: 4.0389
Training Epoch: 1 [19456/50176]	Loss: 3.9760
Training Epoch: 1 [20480/50176]	Loss: 3.9668
Training Epoch: 1 [21504/50176]	Loss: 3.9762
Training Epoch: 1 [22528/50176]	Loss: 3.9971
Training Epoch: 1 [23552/50176]	Loss: 3.8223
Training Epoch: 1 [24576/50176]	Loss: 3.7372
Training Epoch: 1 [25600/50176]	Loss: 3.7385
Training Epoch: 1 [26624/50176]	Loss: 3.9004
Training Epoch: 1 [27648/50176]	Loss: 3.9029
Training Epoch: 1 [28672/50176]	Loss: 3.9080
Training Epoch: 1 [29696/50176]	Loss: 3.8407
Training Epoch: 1 [30720/50176]	Loss: 3.8458
Training Epoch: 1 [31744/50176]	Loss: 3.8116
Training Epoch: 1 [32768/50176]	Loss: 3.9268
Training Epoch: 1 [33792/50176]	Loss: 3.8766
Training Epoch: 1 [34816/50176]	Loss: 3.7638
Training Epoch: 1 [35840/50176]	Loss: 3.8156
Training Epoch: 1 [36864/50176]	Loss: 3.8521
Training Epoch: 1 [37888/50176]	Loss: 3.8113
Training Epoch: 1 [38912/50176]	Loss: 3.8584
Training Epoch: 1 [39936/50176]	Loss: 3.7695
Training Epoch: 1 [40960/50176]	Loss: 3.8758
Training Epoch: 1 [41984/50176]	Loss: 3.7715
Training Epoch: 1 [43008/50176]	Loss: 3.7939
Training Epoch: 1 [44032/50176]	Loss: 3.9532
Training Epoch: 1 [45056/50176]	Loss: 3.9322
Training Epoch: 1 [46080/50176]	Loss: 3.9747
Training Epoch: 1 [47104/50176]	Loss: 3.7639
Training Epoch: 1 [48128/50176]	Loss: 3.8995
Training Epoch: 1 [49152/50176]	Loss: 3.8582
Training Epoch: 1 [50176/50176]	Loss: 3.6993
2022-11-02 20:07:34.065 [ZeusMonitor] Caught signal 2, end monitoring.
2022-11-02 16:07:34,078 [ZeusDataLoader(eval)] eval epoch 2 done: time=5.68 energy=782.48
2022-11-02 16:07:34,078 [ZeusDataLoader(train)] Up to epoch 2: time=152.28, energy=22513.47, cost=24581.38
2022-11-02 16:07:34,079 [ZeusDataLoader(train)] Epoch 3 begin.
Validation Epoch: 1, Average loss: 0.0036, Accuracy: 0.1271
2022-11-02 16:07:34,232 [ZeusDataLoader(train)] [GPU_0] Zeus monitor started.
2022-11-02 20:07:34.236 [ZeusMonitor] Monitor started.
2022-11-02 20:07:34.236 [ZeusMonitor] Running indefinitely. 2022-11-02 20:07:34.236 [ZeusMonitor] Sleeping 100ms after each poll. 
2022-11-02 20:07:34.236 [ZeusMonitor] Logfile path: /workspace/zeus_logs/cifar100+shufflenetv2+bs1024+adam+lr0.001+tm0.5+me100+x2+eta0.5+beta2.0+2022110216041667419495/bs1024+e3+gpu0.power.log
2022-11-02 16:07:35,011 [ZeusDataLoader(train)] [GPU_0] Set GPU power limit to 125W.
2022-11-02 16:07:35,011 [ZeusDataLoader(train)] Warm-up started with power limit 125W
2022-11-02 16:07:49,568 [ZeusDataLoader(train)] Profile started with power limit 125W
2022-11-02 16:08:50,852 [ZeusDataLoader(train)] Profile done with power limit 125W
2022-11-02 16:08:53,844 [ZeusDataLoader(train)] train epoch 3 done: time=79.76 energy=9725.61
2022-11-02 16:08:53,848 [ZeusDataLoader(eval)] Epoch 3 begin.
Training Epoch: 2 [1024/50176]	Loss: 3.6853
Training Epoch: 2 [2048/50176]	Loss: 3.7404
Training Epoch: 2 [3072/50176]	Loss: 3.7807
Training Epoch: 2 [4096/50176]	Loss: 3.7089
Training Epoch: 2 [5120/50176]	Loss: 3.6538
Training Epoch: 2 [6144/50176]	Loss: 3.8194
Training Epoch: 2 [7168/50176]	Loss: 3.9576
Training Epoch: 2 [8192/50176]	Loss: 3.8818
Training Epoch: 2 [9216/50176]	Loss: 3.6773
Training Epoch: 2 [10240/50176]	Loss: 3.7006
Training Epoch: 2 [11264/50176]	Loss: 3.6111
Training Epoch: 2 [12288/50176]	Loss: 3.7119
Training Epoch: 2 [13312/50176]	Loss: 3.8252
Training Epoch: 2 [14336/50176]	Loss: 3.6531
Training Epoch: 2 [15360/50176]	Loss: 3.6527
Training Epoch: 2 [16384/50176]	Loss: 3.7918
Training Epoch: 2 [17408/50176]	Loss: 3.6669
Training Epoch: 2 [18432/50176]	Loss: 3.6768
Training Epoch: 2 [19456/50176]	Loss: 3.7319
Training Epoch: 2 [20480/50176]	Loss: 3.6296
Training Epoch: 2 [21504/50176]	Loss: 3.5398
Training Epoch: 2 [22528/50176]	Loss: 3.5184
Training Epoch: 2 [23552/50176]	Loss: 3.4911
Training Epoch: 2 [24576/50176]	Loss: 3.5763
Training Epoch: 2 [25600/50176]	Loss: 3.5604
Training Epoch: 2 [26624/50176]	Loss: 3.7133
Training Epoch: 2 [27648/50176]	Loss: 3.6465
Training Epoch: 2 [28672/50176]	Loss: 3.5586
Training Epoch: 2 [29696/50176]	Loss: 3.6363
Training Epoch: 2 [30720/50176]	Loss: 3.6255
Training Epoch: 2 [31744/50176]	Loss: 3.4581
Training Epoch: 2 [32768/50176]	Loss: 3.5345
Training Epoch: 2 [33792/50176]	Loss: 3.5291
Training Epoch: 2 [34816/50176]	Loss: 3.4863
Training Epoch: 2 [35840/50176]	Loss: 3.5688
Training Epoch: 2 [36864/50176]	Loss: 3.6772
Training Epoch: 2 [37888/50176]	Loss: 3.6283
Training Epoch: 2 [38912/50176]	Loss: 3.5380
Training Epoch: 2 [39936/50176]	Loss: 3.5192
Training Epoch: 2 [40960/50176]	Loss: 3.5133
Training Epoch: 2 [41984/50176]	Loss: 3.5435
Training Epoch: 2 [43008/50176]	Loss: 3.5211
Training Epoch: 2 [44032/50176]	Loss: 3.6316
Training Epoch: 2 [45056/50176]	Loss: 3.4321
Training Epoch: 2 [46080/50176]	Loss: 3.4178
Training Epoch: 2 [47104/50176]	Loss: 3.5165
Training Epoch: 2 [48128/50176]	Loss: 3.4723
Training Epoch: 2 [49152/50176]	Loss: 3.5188
Training Epoch: 2 [50176/50176]	Loss: 3.5401
2022-11-02 20:09:00.146 [ZeusMonitor] Caught signal 2, end monitoring.
2022-11-02 16:09:00,178 [ZeusDataLoader(eval)] eval epoch 3 done: time=6.32 energy=735.78
2022-11-02 16:09:00,178 [ZeusDataLoader(train)] Up to epoch 3: time=238.36, energy=32974.86, cost=37343.82
2022-11-02 16:09:00,180 [ZeusDataLoader(train)] Epoch 4 begin.
Validation Epoch: 2, Average loss: 0.0034, Accuracy: 0.1694
2022-11-02 16:09:00,378 [ZeusDataLoader(train)] [GPU_0] Zeus monitor started.
2022-11-02 20:09:00.381 [ZeusMonitor] Monitor started.
2022-11-02 20:09:00.381 [ZeusMonitor] Running indefinitely. 2022-11-02 20:09:00.381 [ZeusMonitor] Sleeping 100ms after each poll. 
2022-11-02 20:09:00.381 [ZeusMonitor] Logfile path: /workspace/zeus_logs/cifar100+shufflenetv2+bs1024+adam+lr0.001+tm0.5+me100+x2+eta0.5+beta2.0+2022110216041667419495/bs1024+e4+gpu0.power.log
2022-11-02 16:09:01,154 [ZeusDataLoader(train)] [GPU_0] Set GPU power limit to 100W.
2022-11-02 16:09:01,154 [ZeusDataLoader(train)] Warm-up started with power limit 100W
2022-11-02 16:09:43,693 [ZeusDataLoader(train)] Profile started with power limit 100W
2022-11-02 16:12:43,067 [ZeusDataLoader(train)] Profile done with power limit 100W
2022-11-02 16:12:43,067 [ZeusDataLoader(train)] This was the last power limit to explore.
2022-11-02 16:12:43,067 [ZeusDataLoader(train)] Cost-optimal power limit is 175W
2022-11-02 16:12:43,070 [ZeusDataLoader(train)] [GPU_0] Set GPU power limit to 175W.
2022-11-02 16:12:45,751 [ZeusDataLoader(train)] train epoch 4 done: time=225.56 energy=23144.94
2022-11-02 16:12:45,755 [ZeusDataLoader(eval)] Epoch 4 begin.
Training Epoch: 3 [1024/50176]	Loss: 3.5188
Training Epoch: 3 [2048/50176]	Loss: 3.5831
Training Epoch: 3 [3072/50176]	Loss: 3.3516
Training Epoch: 3 [4096/50176]	Loss: 3.4417
Training Epoch: 3 [5120/50176]	Loss: 3.3781
Training Epoch: 3 [6144/50176]	Loss: 3.3732
Training Epoch: 3 [7168/50176]	Loss: 3.4479
Training Epoch: 3 [8192/50176]	Loss: 3.4310
Training Epoch: 3 [9216/50176]	Loss: 3.3969
Training Epoch: 3 [10240/50176]	Loss: 3.4306
Training Epoch: 3 [11264/50176]	Loss: 3.4816
Training Epoch: 3 [12288/50176]	Loss: 3.4895
Training Epoch: 3 [13312/50176]	Loss: 3.4940
Training Epoch: 3 [14336/50176]	Loss: 3.5890
Training Epoch: 3 [15360/50176]	Loss: 3.4180
Training Epoch: 3 [16384/50176]	Loss: 3.3258
Training Epoch: 3 [17408/50176]	Loss: 3.3598
Training Epoch: 3 [18432/50176]	Loss: 3.3223
Training Epoch: 3 [19456/50176]	Loss: 3.3795
Training Epoch: 3 [20480/50176]	Loss: 3.3657
Training Epoch: 3 [21504/50176]	Loss: 3.4708
Training Epoch: 3 [22528/50176]	Loss: 3.4068
Training Epoch: 3 [23552/50176]	Loss: 3.3088
Training Epoch: 3 [24576/50176]	Loss: 3.4505
Training Epoch: 3 [25600/50176]	Loss: 3.3012
Training Epoch: 3 [26624/50176]	Loss: 3.3905
Training Epoch: 3 [27648/50176]	Loss: 3.3051
Training Epoch: 3 [28672/50176]	Loss: 3.3750
Training Epoch: 3 [29696/50176]	Loss: 3.2961
Training Epoch: 3 [30720/50176]	Loss: 3.3125
Training Epoch: 3 [31744/50176]	Loss: 3.2912
Training Epoch: 3 [32768/50176]	Loss: 3.2627
Training Epoch: 3 [33792/50176]	Loss: 3.4219
Training Epoch: 3 [34816/50176]	Loss: 3.2504
Training Epoch: 3 [35840/50176]	Loss: 3.3658
Training Epoch: 3 [36864/50176]	Loss: 3.2820
Training Epoch: 3 [37888/50176]	Loss: 3.3193
Training Epoch: 3 [38912/50176]	Loss: 3.2761
Training Epoch: 3 [39936/50176]	Loss: 3.2446
Training Epoch: 3 [40960/50176]	Loss: 3.2343
Training Epoch: 3 [41984/50176]	Loss: 3.3425
Training Epoch: 3 [43008/50176]	Loss: 3.3117
Training Epoch: 3 [44032/50176]	Loss: 3.3488
Training Epoch: 3 [45056/50176]	Loss: 3.2217
Training Epoch: 3 [46080/50176]	Loss: 3.0728
Training Epoch: 3 [47104/50176]	Loss: 3.2442
Training Epoch: 3 [48128/50176]	Loss: 3.2522
Training Epoch: 3 [49152/50176]	Loss: 3.1123
Training Epoch: 3 [50176/50176]	Loss: 3.2579
2022-11-02 20:12:51.304 [ZeusMonitor] Caught signal 2, end monitoring.
2022-11-02 16:12:51,346 [ZeusDataLoader(eval)] Power profiling done.
2022-11-02 16:12:51,346 [ZeusDataLoader(eval)] Saved /workspace/zeus_logs/cifar100+shufflenetv2+bs1024+adam+lr0.001+tm0.5+me100+x2+eta0.5+beta2.0+2022110216041667419495/bs1024.power.json: {"job_id": "rec01+try01", "train_power": {"175000": 154.6547170840238, "150000": 147.23637697503693, "125000": 122.9598080727968, "100000": 102.42079295904833}, "train_throughput": {"175000": 0.7182522256547348, "150000": 0.6975900862859341, "125000": 0.6202131549236698, "100000": 0.21187118162411442}, "eval_power": {"175000": 142.00983587439154, "150000": 137.86247386660114, "125000": 116.39981575828413}, "eval_throughput": {"175000": 1.7926818291919469, "150000": 1.7618660078494444, "125000": 1.5819996846074937}, "optimal_pl": 175000}
2022-11-02 16:12:51,346 [ZeusDataLoader(eval)] eval epoch 4 done: time=5.58 energy=792.16
2022-11-02 16:12:51,346 [ZeusDataLoader(train)] Up to epoch 4: time=469.49, energy=56911.96, cost=69536.65
2022-11-02 16:12:51,347 [ZeusDataLoader(train)] Optimal PL train & eval expected time=73.80 energy=11342.89
2022-11-02 16:12:51,347 [ZeusDataLoader(train)] Expected next epoch: time=543.29, energy=68254.85, cost=81665.55
2022-11-02 16:12:51,348 [ZeusDataLoader(train)] Epoch 5 begin.
Validation Epoch: 3, Average loss: 0.0035, Accuracy: 0.1692
2022-11-02 16:12:51,533 [ZeusDataLoader(train)] [GPU_0] Zeus monitor started.
2022-11-02 16:12:51,534 [ZeusDataLoader(train)] Steady state power limit: OPT 175W
2022-11-02 20:12:51.544 [ZeusMonitor] Monitor started.
2022-11-02 20:12:51.544 [ZeusMonitor] Running indefinitely. 2022-11-02 20:12:51.544 [ZeusMonitor] Sleeping 100ms after each poll. 
2022-11-02 20:12:51.544 [ZeusMonitor] Logfile path: /workspace/zeus_logs/cifar100+shufflenetv2+bs1024+adam+lr0.001+tm0.5+me100+x2+eta0.5+beta2.0+2022110216041667419495/bs1024+e5+gpu0.power.log
2022-11-02 16:14:00,402 [ZeusDataLoader(train)] train epoch 5 done: time=69.04 energy=10566.00
2022-11-02 16:14:00,405 [ZeusDataLoader(eval)] Epoch 5 begin.
Training Epoch: 4 [1024/50176]	Loss: 3.2668
Training Epoch: 4 [2048/50176]	Loss: 3.2083
Training Epoch: 4 [3072/50176]	Loss: 3.0795
Training Epoch: 4 [4096/50176]	Loss: 3.2074
Training Epoch: 4 [5120/50176]	Loss: 3.2457
Training Epoch: 4 [6144/50176]	Loss: 3.2697
Training Epoch: 4 [7168/50176]	Loss: 3.1630
Training Epoch: 4 [8192/50176]	Loss: 3.1193
Training Epoch: 4 [9216/50176]	Loss: 3.1959
Training Epoch: 4 [10240/50176]	Loss: 3.0818
Training Epoch: 4 [11264/50176]	Loss: 3.1644
Training Epoch: 4 [12288/50176]	Loss: 3.1021
Training Epoch: 4 [13312/50176]	Loss: 3.2848
Training Epoch: 4 [14336/50176]	Loss: 3.1845
Training Epoch: 4 [15360/50176]	Loss: 3.2170
Training Epoch: 4 [16384/50176]	Loss: 3.1471
Training Epoch: 4 [17408/50176]	Loss: 3.0713
Training Epoch: 4 [18432/50176]	Loss: 3.0616
Training Epoch: 4 [19456/50176]	Loss: 3.2416
Training Epoch: 4 [20480/50176]	Loss: 3.1394
Training Epoch: 4 [21504/50176]	Loss: 3.1335
Training Epoch: 4 [22528/50176]	Loss: 3.1767
Training Epoch: 4 [23552/50176]	Loss: 3.0655
Training Epoch: 4 [24576/50176]	Loss: 2.9839
Training Epoch: 4 [25600/50176]	Loss: 3.1954
Training Epoch: 4 [26624/50176]	Loss: 3.2782
Training Epoch: 4 [27648/50176]	Loss: 3.2162
Training Epoch: 4 [28672/50176]	Loss: 3.1274
Training Epoch: 4 [29696/50176]	Loss: 3.0604
Training Epoch: 4 [30720/50176]	Loss: 3.2747
Training Epoch: 4 [31744/50176]	Loss: 3.1241
Training Epoch: 4 [32768/50176]	Loss: 3.1371
Training Epoch: 4 [33792/50176]	Loss: 3.2185
Training Epoch: 4 [34816/50176]	Loss: 3.1441
Training Epoch: 4 [35840/50176]	Loss: 3.1269
Training Epoch: 4 [36864/50176]	Loss: 2.9988
Training Epoch: 4 [37888/50176]	Loss: 3.0068
Training Epoch: 4 [38912/50176]	Loss: 3.0295
Training Epoch: 4 [39936/50176]	Loss: 3.1059
Training Epoch: 4 [40960/50176]	Loss: 3.0477
Training Epoch: 4 [41984/50176]	Loss: 3.1399
Training Epoch: 4 [43008/50176]	Loss: 3.0446
Training Epoch: 4 [44032/50176]	Loss: 3.1091
Training Epoch: 4 [45056/50176]	Loss: 3.0587
Training Epoch: 4 [46080/50176]	Loss: 3.1563
Training Epoch: 4 [47104/50176]	Loss: 3.1331
Training Epoch: 4 [48128/50176]	Loss: 2.9549
Training Epoch: 4 [49152/50176]	Loss: 3.0241
Training Epoch: 4 [50176/50176]	Loss: 3.1185
2022-11-02 20:14:05.954 [ZeusMonitor] Caught signal 2, end monitoring.
2022-11-02 16:14:05,979 [ZeusDataLoader(eval)] eval epoch 5 done: time=5.56 energy=798.40
2022-11-02 16:14:05,979 [ZeusDataLoader(train)] Up to epoch 5: time=544.10, energy=68276.36, cost=81747.15
2022-11-02 16:14:05,979 [ZeusDataLoader(train)] Optimal PL train & eval expected time=73.80 energy=11342.89
2022-11-02 16:14:05,979 [ZeusDataLoader(train)] Expected next epoch: time=617.90, energy=79619.25, cost=93876.04
2022-11-02 16:14:05,981 [ZeusDataLoader(train)] Epoch 6 begin.
Validation Epoch: 4, Average loss: 0.0036, Accuracy: 0.1873
2022-11-02 16:14:06,132 [ZeusDataLoader(train)] [GPU_0] Zeus monitor started.
2022-11-02 16:14:06,133 [ZeusDataLoader(train)] Steady state power limit: OPT 175W
2022-11-02 20:14:06.137 [ZeusMonitor] Monitor started.
2022-11-02 20:14:06.137 [ZeusMonitor] Running indefinitely. 2022-11-02 20:14:06.137 [ZeusMonitor] Sleeping 100ms after each poll. 
2022-11-02 20:14:06.137 [ZeusMonitor] Logfile path: /workspace/zeus_logs/cifar100+shufflenetv2+bs1024+adam+lr0.001+tm0.5+me100+x2+eta0.5+beta2.0+2022110216041667419495/bs1024+e6+gpu0.power.log
2022-11-02 16:15:15,123 [ZeusDataLoader(train)] train epoch 6 done: time=69.13 energy=10571.62
2022-11-02 16:15:15,127 [ZeusDataLoader(eval)] Epoch 6 begin.
Training Epoch: 5 [1024/50176]	Loss: 3.0698
Training Epoch: 5 [2048/50176]	Loss: 2.9750
Training Epoch: 5 [3072/50176]	Loss: 2.9246
Training Epoch: 5 [4096/50176]	Loss: 3.0253
Training Epoch: 5 [5120/50176]	Loss: 3.0030
Training Epoch: 5 [6144/50176]	Loss: 3.1108
Training Epoch: 5 [7168/50176]	Loss: 3.0191
Training Epoch: 5 [8192/50176]	Loss: 3.0561
Training Epoch: 5 [9216/50176]	Loss: 3.0614
Training Epoch: 5 [10240/50176]	Loss: 2.9412
Training Epoch: 5 [11264/50176]	Loss: 2.9258
Training Epoch: 5 [12288/50176]	Loss: 3.0030
Training Epoch: 5 [13312/50176]	Loss: 3.1389
Training Epoch: 5 [14336/50176]	Loss: 3.0378
Training Epoch: 5 [15360/50176]	Loss: 2.9328
Training Epoch: 5 [16384/50176]	Loss: 2.9811
Training Epoch: 5 [17408/50176]	Loss: 2.9551
Training Epoch: 5 [18432/50176]	Loss: 2.9936
Training Epoch: 5 [19456/50176]	Loss: 2.9874
Training Epoch: 5 [20480/50176]	Loss: 2.8977
Training Epoch: 5 [21504/50176]	Loss: 3.0165
Training Epoch: 5 [22528/50176]	Loss: 2.8801
Training Epoch: 5 [23552/50176]	Loss: 2.9715
Training Epoch: 5 [24576/50176]	Loss: 2.8783
Training Epoch: 5 [25600/50176]	Loss: 2.8830
Training Epoch: 5 [26624/50176]	Loss: 3.0786
Training Epoch: 5 [27648/50176]	Loss: 3.0841
Training Epoch: 5 [28672/50176]	Loss: 3.0391
Training Epoch: 5 [29696/50176]	Loss: 2.9599
Training Epoch: 5 [30720/50176]	Loss: 2.8760
Training Epoch: 5 [31744/50176]	Loss: 2.9919
Training Epoch: 5 [32768/50176]	Loss: 2.9687
Training Epoch: 5 [33792/50176]	Loss: 3.0139
Training Epoch: 5 [34816/50176]	Loss: 3.0522
Training Epoch: 5 [35840/50176]	Loss: 2.8970
Training Epoch: 5 [36864/50176]	Loss: 2.8900
Training Epoch: 5 [37888/50176]	Loss: 2.9510
Training Epoch: 5 [38912/50176]	Loss: 2.8717
Training Epoch: 5 [39936/50176]	Loss: 2.8818
Training Epoch: 5 [40960/50176]	Loss: 2.8870
Training Epoch: 5 [41984/50176]	Loss: 2.8465
Training Epoch: 5 [43008/50176]	Loss: 2.8729
Training Epoch: 5 [44032/50176]	Loss: 2.8174
Training Epoch: 5 [45056/50176]	Loss: 2.8322
Training Epoch: 5 [46080/50176]	Loss: 2.8780
Training Epoch: 5 [47104/50176]	Loss: 2.7712
Training Epoch: 5 [48128/50176]	Loss: 2.8996
Training Epoch: 5 [49152/50176]	Loss: 2.8566
Training Epoch: 5 [50176/50176]	Loss: 3.0535
2022-11-02 20:15:20.671 [ZeusMonitor] Caught signal 2, end monitoring.
2022-11-02 16:15:20,682 [ZeusDataLoader(eval)] eval epoch 6 done: time=5.55 energy=802.54
2022-11-02 16:15:20,683 [ZeusDataLoader(train)] Up to epoch 6: time=618.78, energy=79650.52, cost=93968.67
2022-11-02 16:15:20,683 [ZeusDataLoader(train)] Optimal PL train & eval expected time=73.80 energy=11342.89
2022-11-02 16:15:20,683 [ZeusDataLoader(train)] Expected next epoch: time=692.58, energy=90993.41, cost=106097.56
2022-11-02 16:15:20,684 [ZeusDataLoader(train)] Epoch 7 begin.
Validation Epoch: 5, Average loss: 0.0032, Accuracy: 0.2462
2022-11-02 16:15:20,870 [ZeusDataLoader(train)] [GPU_0] Zeus monitor started.
2022-11-02 16:15:20,871 [ZeusDataLoader(train)] Steady state power limit: OPT 175W
2022-11-02 20:15:20.889 [ZeusMonitor] Monitor started.
2022-11-02 20:15:20.889 [ZeusMonitor] Running indefinitely. 2022-11-02 20:15:20.889 [ZeusMonitor] Sleeping 100ms after each poll. 
2022-11-02 20:15:20.889 [ZeusMonitor] Logfile path: /workspace/zeus_logs/cifar100+shufflenetv2+bs1024+adam+lr0.001+tm0.5+me100+x2+eta0.5+beta2.0+2022110216041667419495/bs1024+e7+gpu0.power.log
2022-11-02 16:16:29,911 [ZeusDataLoader(train)] train epoch 7 done: time=69.22 energy=10595.31
2022-11-02 16:16:29,915 [ZeusDataLoader(eval)] Epoch 7 begin.
Training Epoch: 6 [1024/50176]	Loss: 2.8707
Training Epoch: 6 [2048/50176]	Loss: 2.8158
Training Epoch: 6 [3072/50176]	Loss: 2.7904
Training Epoch: 6 [4096/50176]	Loss: 2.7809
Training Epoch: 6 [5120/50176]	Loss: 2.8176
Training Epoch: 6 [6144/50176]	Loss: 2.7765
Training Epoch: 6 [7168/50176]	Loss: 2.9643
Training Epoch: 6 [8192/50176]	Loss: 2.8767
Training Epoch: 6 [9216/50176]	Loss: 2.8797
Training Epoch: 6 [10240/50176]	Loss: 2.7731
Training Epoch: 6 [11264/50176]	Loss: 2.9075
Training Epoch: 6 [12288/50176]	Loss: 2.8120
Training Epoch: 6 [13312/50176]	Loss: 2.8588
Training Epoch: 6 [14336/50176]	Loss: 2.8060
Training Epoch: 6 [15360/50176]	Loss: 2.9190
Training Epoch: 6 [16384/50176]	Loss: 2.7806
Training Epoch: 6 [17408/50176]	Loss: 2.8498
Training Epoch: 6 [18432/50176]	Loss: 2.8736
Training Epoch: 6 [19456/50176]	Loss: 2.9195
Training Epoch: 6 [20480/50176]	Loss: 2.8154
Training Epoch: 6 [21504/50176]	Loss: 2.8162
Training Epoch: 6 [22528/50176]	Loss: 2.7790
Training Epoch: 6 [23552/50176]	Loss: 2.8395
Training Epoch: 6 [24576/50176]	Loss: 2.8283
Training Epoch: 6 [25600/50176]	Loss: 2.6975
Training Epoch: 6 [26624/50176]	Loss: 2.6859
Training Epoch: 6 [27648/50176]	Loss: 2.7200
Training Epoch: 6 [28672/50176]	Loss: 2.7655
Training Epoch: 6 [29696/50176]	Loss: 2.7108
Training Epoch: 6 [30720/50176]	Loss: 2.8139
Training Epoch: 6 [31744/50176]	Loss: 2.7933
Training Epoch: 6 [32768/50176]	Loss: 2.8048
Training Epoch: 6 [33792/50176]	Loss: 2.8260
Training Epoch: 6 [34816/50176]	Loss: 2.9702
Training Epoch: 6 [35840/50176]	Loss: 2.7724
Training Epoch: 6 [36864/50176]	Loss: 2.8224
Training Epoch: 6 [37888/50176]	Loss: 2.6349
Training Epoch: 6 [38912/50176]	Loss: 2.7433
Training Epoch: 6 [39936/50176]	Loss: 2.6798
Training Epoch: 6 [40960/50176]	Loss: 2.7740
Training Epoch: 6 [41984/50176]	Loss: 2.8430
Training Epoch: 6 [43008/50176]	Loss: 2.7199
Training Epoch: 6 [44032/50176]	Loss: 2.7799
Training Epoch: 6 [45056/50176]	Loss: 2.6495
Training Epoch: 6 [46080/50176]	Loss: 2.8223
Training Epoch: 6 [47104/50176]	Loss: 2.7559
Training Epoch: 6 [48128/50176]	Loss: 2.7359
Training Epoch: 6 [49152/50176]	Loss: 2.6720
Training Epoch: 6 [50176/50176]	Loss: 2.6616
2022-11-02 20:16:35.533 [ZeusMonitor] Caught signal 2, end monitoring.
2022-11-02 16:16:35,569 [ZeusDataLoader(eval)] eval epoch 7 done: time=5.65 energy=808.73
2022-11-02 16:16:35,569 [ZeusDataLoader(train)] Up to epoch 7: time=693.64, energy=91054.55, cost=106221.18
2022-11-02 16:16:35,569 [ZeusDataLoader(train)] Optimal PL train & eval expected time=73.80 energy=11342.89
2022-11-02 16:16:35,569 [ZeusDataLoader(train)] Expected next epoch: time=767.44, energy=102397.44, cost=118350.07
2022-11-02 16:16:35,571 [ZeusDataLoader(train)] Epoch 8 begin.
Validation Epoch: 6, Average loss: 0.0027, Accuracy: 0.2836
2022-11-02 16:16:35,720 [ZeusDataLoader(train)] [GPU_0] Zeus monitor started.
2022-11-02 16:16:35,720 [ZeusDataLoader(train)] Steady state power limit: OPT 175W
2022-11-02 20:16:35.724 [ZeusMonitor] Monitor started.
2022-11-02 20:16:35.724 [ZeusMonitor] Running indefinitely. 2022-11-02 20:16:35.724 [ZeusMonitor] Sleeping 100ms after each poll. 
2022-11-02 20:16:35.724 [ZeusMonitor] Logfile path: /workspace/zeus_logs/cifar100+shufflenetv2+bs1024+adam+lr0.001+tm0.5+me100+x2+eta0.5+beta2.0+2022110216041667419495/bs1024+e8+gpu0.power.log
2022-11-02 16:17:44,753 [ZeusDataLoader(train)] train epoch 8 done: time=69.17 energy=10592.61
2022-11-02 16:17:44,756 [ZeusDataLoader(eval)] Epoch 8 begin.
Training Epoch: 7 [1024/50176]	Loss: 2.6179
Training Epoch: 7 [2048/50176]	Loss: 2.6360
Training Epoch: 7 [3072/50176]	Loss: 2.6924
Training Epoch: 7 [4096/50176]	Loss: 2.5745
Training Epoch: 7 [5120/50176]	Loss: 2.8637
Training Epoch: 7 [6144/50176]	Loss: 2.6640
Training Epoch: 7 [7168/50176]	Loss: 2.6064
Training Epoch: 7 [8192/50176]	Loss: 2.7003
Training Epoch: 7 [9216/50176]	Loss: 2.7201
Training Epoch: 7 [10240/50176]	Loss: 2.6839
Training Epoch: 7 [11264/50176]	Loss: 2.6110
Training Epoch: 7 [12288/50176]	Loss: 2.6696
Training Epoch: 7 [13312/50176]	Loss: 2.6207
Training Epoch: 7 [14336/50176]	Loss: 2.6153
Training Epoch: 7 [15360/50176]	Loss: 2.7400
Training Epoch: 7 [16384/50176]	Loss: 2.6602
Training Epoch: 7 [17408/50176]	Loss: 2.7645
Training Epoch: 7 [18432/50176]	Loss: 2.6980
Training Epoch: 7 [19456/50176]	Loss: 2.6349
Training Epoch: 7 [20480/50176]	Loss: 2.7324
Training Epoch: 7 [21504/50176]	Loss: 2.7124
Training Epoch: 7 [22528/50176]	Loss: 2.6235
Training Epoch: 7 [23552/50176]	Loss: 2.6250
Training Epoch: 7 [24576/50176]	Loss: 2.7436
Training Epoch: 7 [25600/50176]	Loss: 2.6415
Training Epoch: 7 [26624/50176]	Loss: 2.5926
Training Epoch: 7 [27648/50176]	Loss: 2.7092
Training Epoch: 7 [28672/50176]	Loss: 2.6815
Training Epoch: 7 [29696/50176]	Loss: 2.6780
Training Epoch: 7 [30720/50176]	Loss: 2.6607
Training Epoch: 7 [31744/50176]	Loss: 2.6626
Training Epoch: 7 [32768/50176]	Loss: 2.6091
Training Epoch: 7 [33792/50176]	Loss: 2.5417
Training Epoch: 7 [34816/50176]	Loss: 2.6637
Training Epoch: 7 [35840/50176]	Loss: 2.6573
Training Epoch: 7 [36864/50176]	Loss: 2.6606
Training Epoch: 7 [37888/50176]	Loss: 2.6265
Training Epoch: 7 [38912/50176]	Loss: 2.5445
Training Epoch: 7 [39936/50176]	Loss: 2.7054
Training Epoch: 7 [40960/50176]	Loss: 2.5838
Training Epoch: 7 [41984/50176]	Loss: 2.5820
Training Epoch: 7 [43008/50176]	Loss: 2.6385
Training Epoch: 7 [44032/50176]	Loss: 2.6693
Training Epoch: 7 [45056/50176]	Loss: 2.6477
Training Epoch: 7 [46080/50176]	Loss: 2.6921
Training Epoch: 7 [47104/50176]	Loss: 2.5974
Training Epoch: 7 [48128/50176]	Loss: 2.6611
Training Epoch: 7 [49152/50176]	Loss: 2.5216
Training Epoch: 7 [50176/50176]	Loss: 2.5696
2022-11-02 20:17:50.372 [ZeusMonitor] Caught signal 2, end monitoring.
2022-11-02 16:17:50,393 [ZeusDataLoader(eval)] eval epoch 8 done: time=5.63 energy=823.15
2022-11-02 16:17:50,393 [ZeusDataLoader(train)] Up to epoch 8: time=768.45, energy=102470.32, cost=118474.11
2022-11-02 16:17:50,393 [ZeusDataLoader(train)] Optimal PL train & eval expected time=73.80 energy=11342.89
2022-11-02 16:17:50,393 [ZeusDataLoader(train)] Expected next epoch: time=842.24, energy=113813.21, cost=130603.00
2022-11-02 16:17:50,395 [ZeusDataLoader(train)] Epoch 9 begin.
Validation Epoch: 7, Average loss: 0.0026, Accuracy: 0.3144
2022-11-02 16:17:50,587 [ZeusDataLoader(train)] [GPU_0] Zeus monitor started.
2022-11-02 16:17:50,588 [ZeusDataLoader(train)] Steady state power limit: OPT 175W
2022-11-02 20:17:50.601 [ZeusMonitor] Monitor started.
2022-11-02 20:17:50.601 [ZeusMonitor] Running indefinitely. 2022-11-02 20:17:50.601 [ZeusMonitor] Sleeping 100ms after each poll. 
2022-11-02 20:17:50.602 [ZeusMonitor] Logfile path: /workspace/zeus_logs/cifar100+shufflenetv2+bs1024+adam+lr0.001+tm0.5+me100+x2+eta0.5+beta2.0+2022110216041667419495/bs1024+e9+gpu0.power.log
2022-11-02 16:18:59,565 [ZeusDataLoader(train)] train epoch 9 done: time=69.16 energy=10584.61
2022-11-02 16:18:59,569 [ZeusDataLoader(eval)] Epoch 9 begin.
Training Epoch: 8 [1024/50176]	Loss: 2.6397
Training Epoch: 8 [2048/50176]	Loss: 2.6255
Training Epoch: 8 [3072/50176]	Loss: 2.4774
Training Epoch: 8 [4096/50176]	Loss: 2.5914
Training Epoch: 8 [5120/50176]	Loss: 2.5784
Training Epoch: 8 [6144/50176]	Loss: 2.5679
Training Epoch: 8 [7168/50176]	Loss: 2.5062
Training Epoch: 8 [8192/50176]	Loss: 2.5435
Training Epoch: 8 [9216/50176]	Loss: 2.6126
Training Epoch: 8 [10240/50176]	Loss: 2.5613
Training Epoch: 8 [11264/50176]	Loss: 2.5711
Training Epoch: 8 [12288/50176]	Loss: 2.5699
Training Epoch: 8 [13312/50176]	Loss: 2.5501
Training Epoch: 8 [14336/50176]	Loss: 2.5904
Training Epoch: 8 [15360/50176]	Loss: 2.6370
Training Epoch: 8 [16384/50176]	Loss: 2.4999
Training Epoch: 8 [17408/50176]	Loss: 2.5341
Training Epoch: 8 [18432/50176]	Loss: 2.5228
Training Epoch: 8 [19456/50176]	Loss: 2.5827
Training Epoch: 8 [20480/50176]	Loss: 2.5284
Training Epoch: 8 [21504/50176]	Loss: 2.5403
Training Epoch: 8 [22528/50176]	Loss: 2.4993
Training Epoch: 8 [23552/50176]	Loss: 2.4581
Training Epoch: 8 [24576/50176]	Loss: 2.5243
Training Epoch: 8 [25600/50176]	Loss: 2.6770
Training Epoch: 8 [26624/50176]	Loss: 2.5739
Training Epoch: 8 [27648/50176]	Loss: 2.5148
Training Epoch: 8 [28672/50176]	Loss: 2.4546
Training Epoch: 8 [29696/50176]	Loss: 2.5120
Training Epoch: 8 [30720/50176]	Loss: 2.4392
Training Epoch: 8 [31744/50176]	Loss: 2.4449
Training Epoch: 8 [32768/50176]	Loss: 2.4636
Training Epoch: 8 [33792/50176]	Loss: 2.5744
Training Epoch: 8 [34816/50176]	Loss: 2.5408
Training Epoch: 8 [35840/50176]	Loss: 2.5845
Training Epoch: 8 [36864/50176]	Loss: 2.5265
Training Epoch: 8 [37888/50176]	Loss: 2.4295
Training Epoch: 8 [38912/50176]	Loss: 2.5133
Training Epoch: 8 [39936/50176]	Loss: 2.5780
Training Epoch: 8 [40960/50176]	Loss: 2.6049
Training Epoch: 8 [41984/50176]	Loss: 2.5875
Training Epoch: 8 [43008/50176]	Loss: 2.4931
Training Epoch: 8 [44032/50176]	Loss: 2.4931
Training Epoch: 8 [45056/50176]	Loss: 2.4802
Training Epoch: 8 [46080/50176]	Loss: 2.5273
Training Epoch: 8 [47104/50176]	Loss: 2.5400
Training Epoch: 8 [48128/50176]	Loss: 2.5447
Training Epoch: 8 [49152/50176]	Loss: 2.5674
Training Epoch: 8 [50176/50176]	Loss: 2.5167
2022-11-02 20:19:05.117 [ZeusMonitor] Caught signal 2, end monitoring.
2022-11-02 16:19:05,141 [ZeusDataLoader(eval)] eval epoch 9 done: time=5.56 energy=810.22
2022-11-02 16:19:05,141 [ZeusDataLoader(train)] Up to epoch 9: time=843.17, energy=113865.15, cost=130709.91
2022-11-02 16:19:05,141 [ZeusDataLoader(train)] Optimal PL train & eval expected time=73.80 energy=11342.89
2022-11-02 16:19:05,141 [ZeusDataLoader(train)] Expected next epoch: time=916.97, energy=125208.04, cost=142838.80
2022-11-02 16:19:05,142 [ZeusDataLoader(train)] Epoch 10 begin.
Validation Epoch: 8, Average loss: 0.0026, Accuracy: 0.3091
2022-11-02 16:19:05,321 [ZeusDataLoader(train)] [GPU_0] Zeus monitor started.
2022-11-02 16:19:05,322 [ZeusDataLoader(train)] Steady state power limit: OPT 175W
2022-11-02 20:19:05.336 [ZeusMonitor] Monitor started.
2022-11-02 20:19:05.336 [ZeusMonitor] Running indefinitely. 2022-11-02 20:19:05.336 [ZeusMonitor] Sleeping 100ms after each poll. 
2022-11-02 20:19:05.336 [ZeusMonitor] Logfile path: /workspace/zeus_logs/cifar100+shufflenetv2+bs1024+adam+lr0.001+tm0.5+me100+x2+eta0.5+beta2.0+2022110216041667419495/bs1024+e10+gpu0.power.log
2022-11-02 16:20:14,324 [ZeusDataLoader(train)] train epoch 10 done: time=69.17 energy=10591.90
2022-11-02 16:20:14,327 [ZeusDataLoader(eval)] Epoch 10 begin.
Training Epoch: 9 [1024/50176]	Loss: 2.3452
Training Epoch: 9 [2048/50176]	Loss: 2.4270
Training Epoch: 9 [3072/50176]	Loss: 2.4547
Training Epoch: 9 [4096/50176]	Loss: 2.3169
Training Epoch: 9 [5120/50176]	Loss: 2.3746
Training Epoch: 9 [6144/50176]	Loss: 2.4565
Training Epoch: 9 [7168/50176]	Loss: 2.4543
Training Epoch: 9 [8192/50176]	Loss: 2.3900
Training Epoch: 9 [9216/50176]	Loss: 2.4399
Training Epoch: 9 [10240/50176]	Loss: 2.4938
Training Epoch: 9 [11264/50176]	Loss: 2.4568
Training Epoch: 9 [12288/50176]	Loss: 2.4804
Training Epoch: 9 [13312/50176]	Loss: 2.4886
Training Epoch: 9 [14336/50176]	Loss: 2.4276
Training Epoch: 9 [15360/50176]	Loss: 2.4654
Training Epoch: 9 [16384/50176]	Loss: 2.5678
Training Epoch: 9 [17408/50176]	Loss: 2.4296
Training Epoch: 9 [18432/50176]	Loss: 2.4960
Training Epoch: 9 [19456/50176]	Loss: 2.4336
Training Epoch: 9 [20480/50176]	Loss: 2.4873
Training Epoch: 9 [21504/50176]	Loss: 2.4878
Training Epoch: 9 [22528/50176]	Loss: 2.5616
Training Epoch: 9 [23552/50176]	Loss: 2.3771
Training Epoch: 9 [24576/50176]	Loss: 2.3380
Training Epoch: 9 [25600/50176]	Loss: 2.4486
Training Epoch: 9 [26624/50176]	Loss: 2.3850
Training Epoch: 9 [27648/50176]	Loss: 2.3688
Training Epoch: 9 [28672/50176]	Loss: 2.4394
Training Epoch: 9 [29696/50176]	Loss: 2.5107
Training Epoch: 9 [30720/50176]	Loss: 2.5098
Training Epoch: 9 [31744/50176]	Loss: 2.4246
Training Epoch: 9 [32768/50176]	Loss: 2.3659
Training Epoch: 9 [33792/50176]	Loss: 2.3526
Training Epoch: 9 [34816/50176]	Loss: 2.3008
Training Epoch: 9 [35840/50176]	Loss: 2.3274
Training Epoch: 9 [36864/50176]	Loss: 2.5001
Training Epoch: 9 [37888/50176]	Loss: 2.4479
Training Epoch: 9 [38912/50176]	Loss: 2.3374
Training Epoch: 9 [39936/50176]	Loss: 2.3532
Training Epoch: 9 [40960/50176]	Loss: 2.3915
Training Epoch: 9 [41984/50176]	Loss: 2.4497
Training Epoch: 9 [43008/50176]	Loss: 2.3809
Training Epoch: 9 [44032/50176]	Loss: 2.6144
Training Epoch: 9 [45056/50176]	Loss: 2.4467
Training Epoch: 9 [46080/50176]	Loss: 2.4557
Training Epoch: 9 [47104/50176]	Loss: 2.3546
Training Epoch: 9 [48128/50176]	Loss: 2.4617
Training Epoch: 9 [49152/50176]	Loss: 2.3965
Training Epoch: 9 [50176/50176]	Loss: 2.3965
2022-11-02 20:20:19.946 [ZeusMonitor] Caught signal 2, end monitoring.
2022-11-02 16:20:19,972 [ZeusDataLoader(eval)] eval epoch 10 done: time=5.64 energy=817.14
2022-11-02 16:20:19,972 [ZeusDataLoader(train)] Up to epoch 10: time=917.98, energy=125274.19, cost=142960.13
2022-11-02 16:20:19,973 [ZeusDataLoader(train)] Optimal PL train & eval expected time=73.80 energy=11342.89
2022-11-02 16:20:19,973 [ZeusDataLoader(train)] Expected next epoch: time=991.78, energy=136617.08, cost=155089.02
2022-11-02 16:20:19,974 [ZeusDataLoader(train)] Epoch 11 begin.
Validation Epoch: 9, Average loss: 0.0024, Accuracy: 0.3573
2022-11-02 16:20:20,155 [ZeusDataLoader(train)] [GPU_0] Zeus monitor started.
2022-11-02 16:20:20,156 [ZeusDataLoader(train)] Steady state power limit: OPT 175W
2022-11-02 20:20:20.158 [ZeusMonitor] Monitor started.
2022-11-02 20:20:20.158 [ZeusMonitor] Running indefinitely. 2022-11-02 20:20:20.158 [ZeusMonitor] Sleeping 100ms after each poll. 
2022-11-02 20:20:20.158 [ZeusMonitor] Logfile path: /workspace/zeus_logs/cifar100+shufflenetv2+bs1024+adam+lr0.001+tm0.5+me100+x2+eta0.5+beta2.0+2022110216041667419495/bs1024+e11+gpu0.power.log
2022-11-02 16:21:29,148 [ZeusDataLoader(train)] train epoch 11 done: time=69.17 energy=10589.71
2022-11-02 16:21:29,152 [ZeusDataLoader(eval)] Epoch 11 begin.
Training Epoch: 10 [1024/50176]	Loss: 2.3656
Training Epoch: 10 [2048/50176]	Loss: 2.3550
Training Epoch: 10 [3072/50176]	Loss: 2.2869
Training Epoch: 10 [4096/50176]	Loss: 2.3322
Training Epoch: 10 [5120/50176]	Loss: 2.2238
Training Epoch: 10 [6144/50176]	Loss: 2.3035
Training Epoch: 10 [7168/50176]	Loss: 2.3095
Training Epoch: 10 [8192/50176]	Loss: 2.3976
Training Epoch: 10 [9216/50176]	Loss: 2.4243
Training Epoch: 10 [10240/50176]	Loss: 2.3834
Training Epoch: 10 [11264/50176]	Loss: 2.2969
Training Epoch: 10 [12288/50176]	Loss: 2.3312
Training Epoch: 10 [13312/50176]	Loss: 2.2953
Training Epoch: 10 [14336/50176]	Loss: 2.3707
Training Epoch: 10 [15360/50176]	Loss: 2.4266
Training Epoch: 10 [16384/50176]	Loss: 2.4228
Training Epoch: 10 [17408/50176]	Loss: 2.3726
Training Epoch: 10 [18432/50176]	Loss: 2.3039
Training Epoch: 10 [19456/50176]	Loss: 2.2853
Training Epoch: 10 [20480/50176]	Loss: 2.3242
Training Epoch: 10 [21504/50176]	Loss: 2.2770
Training Epoch: 10 [22528/50176]	Loss: 2.3339
Training Epoch: 10 [23552/50176]	Loss: 2.3877
Training Epoch: 10 [24576/50176]	Loss: 2.3588
Training Epoch: 10 [25600/50176]	Loss: 2.2513
Training Epoch: 10 [26624/50176]	Loss: 2.2554
Training Epoch: 10 [27648/50176]	Loss: 2.2232
Training Epoch: 10 [28672/50176]	Loss: 2.3294
Training Epoch: 10 [29696/50176]	Loss: 2.2837
Training Epoch: 10 [30720/50176]	Loss: 2.3335
Training Epoch: 10 [31744/50176]	Loss: 2.3117
Training Epoch: 10 [32768/50176]	Loss: 2.3317
Training Epoch: 10 [33792/50176]	Loss: 2.2798
Training Epoch: 10 [34816/50176]	Loss: 2.2825
Training Epoch: 10 [35840/50176]	Loss: 2.3201
Training Epoch: 10 [36864/50176]	Loss: 2.2727
Training Epoch: 10 [37888/50176]	Loss: 2.3856
Training Epoch: 10 [38912/50176]	Loss: 2.3292
Training Epoch: 10 [39936/50176]	Loss: 2.2261
Training Epoch: 10 [40960/50176]	Loss: 2.2117
Training Epoch: 10 [41984/50176]	Loss: 2.1940
Training Epoch: 10 [43008/50176]	Loss: 2.3743
Training Epoch: 10 [44032/50176]	Loss: 2.2402
Training Epoch: 10 [45056/50176]	Loss: 2.1909
Training Epoch: 10 [46080/50176]	Loss: 2.2537
Training Epoch: 10 [47104/50176]	Loss: 2.4002
Training Epoch: 10 [48128/50176]	Loss: 2.3783
Training Epoch: 10 [49152/50176]	Loss: 2.2811
Training Epoch: 10 [50176/50176]	Loss: 2.2915
2022-11-02 20:21:34.737 [ZeusMonitor] Caught signal 2, end monitoring.
2022-11-02 16:21:34,757 [ZeusDataLoader(eval)] eval epoch 11 done: time=5.60 energy=809.89
2022-11-02 16:21:34,757 [ZeusDataLoader(train)] Up to epoch 11: time=992.74, energy=136673.80, cost=155201.57
2022-11-02 16:21:34,758 [ZeusDataLoader(train)] Optimal PL train & eval expected time=73.80 energy=11342.89
2022-11-02 16:21:34,758 [ZeusDataLoader(train)] Expected next epoch: time=1066.54, energy=148016.68, cost=167330.46
2022-11-02 16:21:34,759 [ZeusDataLoader(train)] Epoch 12 begin.
Validation Epoch: 10, Average loss: 0.0026, Accuracy: 0.3425
2022-11-02 16:21:34,905 [ZeusDataLoader(train)] [GPU_0] Zeus monitor started.
2022-11-02 16:21:34,906 [ZeusDataLoader(train)] Steady state power limit: OPT 175W
2022-11-02 20:21:34.910 [ZeusMonitor] Monitor started.
2022-11-02 20:21:34.910 [ZeusMonitor] Running indefinitely. 2022-11-02 20:21:34.910 [ZeusMonitor] Sleeping 100ms after each poll. 
2022-11-02 20:21:34.910 [ZeusMonitor] Logfile path: /workspace/zeus_logs/cifar100+shufflenetv2+bs1024+adam+lr0.001+tm0.5+me100+x2+eta0.5+beta2.0+2022110216041667419495/bs1024+e12+gpu0.power.log
2022-11-02 16:22:43,902 [ZeusDataLoader(train)] train epoch 12 done: time=69.13 energy=10605.22
2022-11-02 16:22:43,906 [ZeusDataLoader(eval)] Epoch 12 begin.
Training Epoch: 11 [1024/50176]	Loss: 2.2965
Training Epoch: 11 [2048/50176]	Loss: 2.2824
Training Epoch: 11 [3072/50176]	Loss: 2.2299
Training Epoch: 11 [4096/50176]	Loss: 2.2652
Training Epoch: 11 [5120/50176]	Loss: 2.1906
Training Epoch: 11 [6144/50176]	Loss: 2.2346
Training Epoch: 11 [7168/50176]	Loss: 2.1964
Training Epoch: 11 [8192/50176]	Loss: 2.1536
Training Epoch: 11 [9216/50176]	Loss: 2.1772
Training Epoch: 11 [10240/50176]	Loss: 2.3150
Training Epoch: 11 [11264/50176]	Loss: 2.2626
Training Epoch: 11 [12288/50176]	Loss: 2.3521
Training Epoch: 11 [13312/50176]	Loss: 2.3593
Training Epoch: 11 [14336/50176]	Loss: 2.2599
Training Epoch: 11 [15360/50176]	Loss: 2.2852
Training Epoch: 11 [16384/50176]	Loss: 2.2038
Training Epoch: 11 [17408/50176]	Loss: 2.2907
Training Epoch: 11 [18432/50176]	Loss: 2.2012
Training Epoch: 11 [19456/50176]	Loss: 2.1863
Training Epoch: 11 [20480/50176]	Loss: 2.1994
Training Epoch: 11 [21504/50176]	Loss: 2.2423
Training Epoch: 11 [22528/50176]	Loss: 2.2378
Training Epoch: 11 [23552/50176]	Loss: 2.2254
Training Epoch: 11 [24576/50176]	Loss: 2.2288
Training Epoch: 11 [25600/50176]	Loss: 2.2089
Training Epoch: 11 [26624/50176]	Loss: 2.2415
Training Epoch: 11 [27648/50176]	Loss: 2.2899
Training Epoch: 11 [28672/50176]	Loss: 2.2619
Training Epoch: 11 [29696/50176]	Loss: 2.2890
Training Epoch: 11 [30720/50176]	Loss: 2.2222
Training Epoch: 11 [31744/50176]	Loss: 2.2852
Training Epoch: 11 [32768/50176]	Loss: 2.0803
Training Epoch: 11 [33792/50176]	Loss: 2.2283
Training Epoch: 11 [34816/50176]	Loss: 2.1898
Training Epoch: 11 [35840/50176]	Loss: 2.1967
Training Epoch: 11 [36864/50176]	Loss: 2.2678
Training Epoch: 11 [37888/50176]	Loss: 2.0816
Training Epoch: 11 [38912/50176]	Loss: 2.1663
Training Epoch: 11 [39936/50176]	Loss: 2.2978
Training Epoch: 11 [40960/50176]	Loss: 2.2257
Training Epoch: 11 [41984/50176]	Loss: 2.1691
Training Epoch: 11 [43008/50176]	Loss: 2.1823
Training Epoch: 11 [44032/50176]	Loss: 2.1543
Training Epoch: 11 [45056/50176]	Loss: 2.2073
Training Epoch: 11 [46080/50176]	Loss: 2.1915
Training Epoch: 11 [47104/50176]	Loss: 2.1516
Training Epoch: 11 [48128/50176]	Loss: 2.1469
Training Epoch: 11 [49152/50176]	Loss: 2.1764
Training Epoch: 11 [50176/50176]	Loss: 2.2177
2022-11-02 20:22:49.451 [ZeusMonitor] Caught signal 2, end monitoring.
2022-11-02 16:22:49,488 [ZeusDataLoader(eval)] eval epoch 12 done: time=5.57 energy=810.96
2022-11-02 16:22:49,488 [ZeusDataLoader(train)] Up to epoch 12: time=1067.45, energy=148089.98, cost=167446.53
2022-11-02 16:22:49,488 [ZeusDataLoader(train)] Optimal PL train & eval expected time=73.80 energy=11342.89
2022-11-02 16:22:49,488 [ZeusDataLoader(train)] Expected next epoch: time=1141.25, energy=159432.87, cost=179575.42
2022-11-02 16:22:49,489 [ZeusDataLoader(train)] Epoch 13 begin.
Validation Epoch: 11, Average loss: 0.0024, Accuracy: 0.3672
2022-11-02 16:22:49,681 [ZeusDataLoader(train)] [GPU_0] Zeus monitor started.
2022-11-02 16:22:49,682 [ZeusDataLoader(train)] Steady state power limit: OPT 175W
2022-11-02 20:22:49.684 [ZeusMonitor] Monitor started.
2022-11-02 20:22:49.684 [ZeusMonitor] Running indefinitely. 2022-11-02 20:22:49.684 [ZeusMonitor] Sleeping 100ms after each poll. 
2022-11-02 20:22:49.684 [ZeusMonitor] Logfile path: /workspace/zeus_logs/cifar100+shufflenetv2+bs1024+adam+lr0.001+tm0.5+me100+x2+eta0.5+beta2.0+2022110216041667419495/bs1024+e13+gpu0.power.log
2022-11-02 16:23:58,721 [ZeusDataLoader(train)] train epoch 13 done: time=69.22 energy=10596.66
2022-11-02 16:23:58,725 [ZeusDataLoader(eval)] Epoch 13 begin.
Training Epoch: 12 [1024/50176]	Loss: 2.3084
Training Epoch: 12 [2048/50176]	Loss: 2.1370
Training Epoch: 12 [3072/50176]	Loss: 2.2523
Training Epoch: 12 [4096/50176]	Loss: 2.1329
Training Epoch: 12 [5120/50176]	Loss: 2.1142
Training Epoch: 12 [6144/50176]	Loss: 2.1047
Training Epoch: 12 [7168/50176]	Loss: 2.1123
Training Epoch: 12 [8192/50176]	Loss: 2.1819
Training Epoch: 12 [9216/50176]	Loss: 2.2125
Training Epoch: 12 [10240/50176]	Loss: 2.0289
Training Epoch: 12 [11264/50176]	Loss: 2.1164
Training Epoch: 12 [12288/50176]	Loss: 2.1401
Training Epoch: 12 [13312/50176]	Loss: 2.3134
Training Epoch: 12 [14336/50176]	Loss: 2.1928
Training Epoch: 12 [15360/50176]	Loss: 2.2034
Training Epoch: 12 [16384/50176]	Loss: 2.2335
Training Epoch: 12 [17408/50176]	Loss: 2.1377
Training Epoch: 12 [18432/50176]	Loss: 2.0539
Training Epoch: 12 [19456/50176]	Loss: 2.1582
Training Epoch: 12 [20480/50176]	Loss: 2.1428
Training Epoch: 12 [21504/50176]	Loss: 2.0915
Training Epoch: 12 [22528/50176]	Loss: 2.1089
Training Epoch: 12 [23552/50176]	Loss: 2.1416
Training Epoch: 12 [24576/50176]	Loss: 2.2125
Training Epoch: 12 [25600/50176]	Loss: 2.2178
Training Epoch: 12 [26624/50176]	Loss: 2.1539
Training Epoch: 12 [27648/50176]	Loss: 2.2213
Training Epoch: 12 [28672/50176]	Loss: 2.2060
Training Epoch: 12 [29696/50176]	Loss: 2.0040
Training Epoch: 12 [30720/50176]	Loss: 2.0640
Training Epoch: 12 [31744/50176]	Loss: 2.1820
Training Epoch: 12 [32768/50176]	Loss: 2.2086
Training Epoch: 12 [33792/50176]	Loss: 2.2168
Training Epoch: 12 [34816/50176]	Loss: 2.1045
Training Epoch: 12 [35840/50176]	Loss: 2.0527
Training Epoch: 12 [36864/50176]	Loss: 2.0856
Training Epoch: 12 [37888/50176]	Loss: 2.0791
Training Epoch: 12 [38912/50176]	Loss: 2.1952
Training Epoch: 12 [39936/50176]	Loss: 2.2639
Training Epoch: 12 [40960/50176]	Loss: 2.1665
Training Epoch: 12 [41984/50176]	Loss: 2.1406
Training Epoch: 12 [43008/50176]	Loss: 2.0819
Training Epoch: 12 [44032/50176]	Loss: 2.1628
Training Epoch: 12 [45056/50176]	Loss: 2.0352
Training Epoch: 12 [46080/50176]	Loss: 2.1037
Training Epoch: 12 [47104/50176]	Loss: 2.0521
Training Epoch: 12 [48128/50176]	Loss: 2.0510
Training Epoch: 12 [49152/50176]	Loss: 2.0168
Training Epoch: 12 [50176/50176]	Loss: 2.1340
2022-11-02 20:24:04.316 [ZeusMonitor] Caught signal 2, end monitoring.
2022-11-02 16:24:04,357 [ZeusDataLoader(eval)] eval epoch 13 done: time=5.62 energy=817.01
2022-11-02 16:24:04,357 [ZeusDataLoader(train)] Up to epoch 13: time=1142.29, energy=159503.65, cost=179702.32
2022-11-02 16:24:04,357 [ZeusDataLoader(train)] Optimal PL train & eval expected time=73.80 energy=11342.89
2022-11-02 16:24:04,357 [ZeusDataLoader(train)] Expected next epoch: time=1216.09, energy=170846.54, cost=191831.21
2022-11-02 16:24:04,358 [ZeusDataLoader(train)] Epoch 14 begin.
Validation Epoch: 12, Average loss: 0.0022, Accuracy: 0.4065
2022-11-02 16:24:04,506 [ZeusDataLoader(train)] [GPU_0] Zeus monitor started.
2022-11-02 16:24:04,507 [ZeusDataLoader(train)] Steady state power limit: OPT 175W
2022-11-02 20:24:04.511 [ZeusMonitor] Monitor started.
2022-11-02 20:24:04.511 [ZeusMonitor] Running indefinitely. 2022-11-02 20:24:04.511 [ZeusMonitor] Sleeping 100ms after each poll. 
2022-11-02 20:24:04.511 [ZeusMonitor] Logfile path: /workspace/zeus_logs/cifar100+shufflenetv2+bs1024+adam+lr0.001+tm0.5+me100+x2+eta0.5+beta2.0+2022110216041667419495/bs1024+e14+gpu0.power.log
2022-11-02 16:25:13,523 [ZeusDataLoader(train)] train epoch 14 done: time=69.16 energy=10591.81
2022-11-02 16:25:13,526 [ZeusDataLoader(eval)] Epoch 14 begin.
Training Epoch: 13 [1024/50176]	Loss: 2.0543
Training Epoch: 13 [2048/50176]	Loss: 2.1271
Training Epoch: 13 [3072/50176]	Loss: 2.0311
Training Epoch: 13 [4096/50176]	Loss: 2.0646
Training Epoch: 13 [5120/50176]	Loss: 1.9961
Training Epoch: 13 [6144/50176]	Loss: 2.0195
Training Epoch: 13 [7168/50176]	Loss: 2.0496
Training Epoch: 13 [8192/50176]	Loss: 2.0832
Training Epoch: 13 [9216/50176]	Loss: 2.1273
Training Epoch: 13 [10240/50176]	Loss: 2.0210
Training Epoch: 13 [11264/50176]	Loss: 2.0573
Training Epoch: 13 [12288/50176]	Loss: 1.9701
Training Epoch: 13 [13312/50176]	Loss: 1.9860
Training Epoch: 13 [14336/50176]	Loss: 2.0565
Training Epoch: 13 [15360/50176]	Loss: 1.9968
Training Epoch: 13 [16384/50176]	Loss: 2.0963
Training Epoch: 13 [17408/50176]	Loss: 2.0585
Training Epoch: 13 [18432/50176]	Loss: 2.0059
Training Epoch: 13 [19456/50176]	Loss: 2.0894
Training Epoch: 13 [20480/50176]	Loss: 2.0003
Training Epoch: 13 [21504/50176]	Loss: 2.1265
Training Epoch: 13 [22528/50176]	Loss: 2.1021
Training Epoch: 13 [23552/50176]	Loss: 2.1040
Training Epoch: 13 [24576/50176]	Loss: 2.0089
Training Epoch: 13 [25600/50176]	Loss: 2.0213
Training Epoch: 13 [26624/50176]	Loss: 1.9954
Training Epoch: 13 [27648/50176]	Loss: 2.1929
Training Epoch: 13 [28672/50176]	Loss: 2.0368
Training Epoch: 13 [29696/50176]	Loss: 2.0750
Training Epoch: 13 [30720/50176]	Loss: 2.1746
Training Epoch: 13 [31744/50176]	Loss: 2.0966
Training Epoch: 13 [32768/50176]	Loss: 2.0981
Training Epoch: 13 [33792/50176]	Loss: 2.0910
Training Epoch: 13 [34816/50176]	Loss: 2.0406
Training Epoch: 13 [35840/50176]	Loss: 2.1217
Training Epoch: 13 [36864/50176]	Loss: 2.0460
Training Epoch: 13 [37888/50176]	Loss: 2.0543
Training Epoch: 13 [38912/50176]	Loss: 2.0647
Training Epoch: 13 [39936/50176]	Loss: 1.9773
Training Epoch: 13 [40960/50176]	Loss: 2.0652
Training Epoch: 13 [41984/50176]	Loss: 2.0650
Training Epoch: 13 [43008/50176]	Loss: 2.0134
Training Epoch: 13 [44032/50176]	Loss: 2.0809
Training Epoch: 13 [45056/50176]	Loss: 2.0144
Training Epoch: 13 [46080/50176]	Loss: 2.1072
Training Epoch: 13 [47104/50176]	Loss: 2.0714
Training Epoch: 13 [48128/50176]	Loss: 2.0242
Training Epoch: 13 [49152/50176]	Loss: 2.0039
Training Epoch: 13 [50176/50176]	Loss: 2.1604
2022-11-02 20:25:19.126 [ZeusMonitor] Caught signal 2, end monitoring.
2022-11-02 16:25:19,165 [ZeusDataLoader(eval)] eval epoch 14 done: time=5.63 energy=808.41
2022-11-02 16:25:19,165 [ZeusDataLoader(train)] Up to epoch 14: time=1217.08, energy=170903.87, cost=191946.13
2022-11-02 16:25:19,165 [ZeusDataLoader(train)] Optimal PL train & eval expected time=73.80 energy=11342.89
2022-11-02 16:25:19,166 [ZeusDataLoader(train)] Expected next epoch: time=1290.88, energy=182246.76, cost=204075.02
2022-11-02 16:25:19,167 [ZeusDataLoader(train)] Epoch 15 begin.
Validation Epoch: 13, Average loss: 0.0022, Accuracy: 0.4051
2022-11-02 16:25:19,312 [ZeusDataLoader(train)] [GPU_0] Zeus monitor started.
2022-11-02 16:25:19,313 [ZeusDataLoader(train)] Steady state power limit: OPT 175W
2022-11-02 20:25:19.316 [ZeusMonitor] Monitor started.
2022-11-02 20:25:19.316 [ZeusMonitor] Running indefinitely. 2022-11-02 20:25:19.316 [ZeusMonitor] Sleeping 100ms after each poll. 
2022-11-02 20:25:19.316 [ZeusMonitor] Logfile path: /workspace/zeus_logs/cifar100+shufflenetv2+bs1024+adam+lr0.001+tm0.5+me100+x2+eta0.5+beta2.0+2022110216041667419495/bs1024+e15+gpu0.power.log
2022-11-02 16:26:28,330 [ZeusDataLoader(train)] train epoch 15 done: time=69.15 energy=10584.89
2022-11-02 16:26:28,333 [ZeusDataLoader(eval)] Epoch 15 begin.
Training Epoch: 14 [1024/50176]	Loss: 1.9879
Training Epoch: 14 [2048/50176]	Loss: 1.9841
Training Epoch: 14 [3072/50176]	Loss: 1.9759
Training Epoch: 14 [4096/50176]	Loss: 1.9234
Training Epoch: 14 [5120/50176]	Loss: 1.9600
Training Epoch: 14 [6144/50176]	Loss: 1.9975
Training Epoch: 14 [7168/50176]	Loss: 2.0194
Training Epoch: 14 [8192/50176]	Loss: 1.9588
Training Epoch: 14 [9216/50176]	Loss: 2.0001
Training Epoch: 14 [10240/50176]	Loss: 2.0387
Training Epoch: 14 [11264/50176]	Loss: 1.9590
Training Epoch: 14 [12288/50176]	Loss: 2.0159
Training Epoch: 14 [13312/50176]	Loss: 2.0700
Training Epoch: 14 [14336/50176]	Loss: 1.9654
Training Epoch: 14 [15360/50176]	Loss: 1.9909
Training Epoch: 14 [16384/50176]	Loss: 1.9157
Training Epoch: 14 [17408/50176]	Loss: 1.9134
Training Epoch: 14 [18432/50176]	Loss: 1.9548
Training Epoch: 14 [19456/50176]	Loss: 2.0005
Training Epoch: 14 [20480/50176]	Loss: 1.9958
Training Epoch: 14 [21504/50176]	Loss: 1.9907
Training Epoch: 14 [22528/50176]	Loss: 1.8991
Training Epoch: 14 [23552/50176]	Loss: 1.8465
Training Epoch: 14 [24576/50176]	Loss: 1.9330
Training Epoch: 14 [25600/50176]	Loss: 1.9668
Training Epoch: 14 [26624/50176]	Loss: 1.9616
Training Epoch: 14 [27648/50176]	Loss: 2.1268
Training Epoch: 14 [28672/50176]	Loss: 2.0180
Training Epoch: 14 [29696/50176]	Loss: 1.9871
Training Epoch: 14 [30720/50176]	Loss: 1.9621
Training Epoch: 14 [31744/50176]	Loss: 2.0447
Training Epoch: 14 [32768/50176]	Loss: 2.0359
Training Epoch: 14 [33792/50176]	Loss: 1.9695
Training Epoch: 14 [34816/50176]	Loss: 1.9453
Training Epoch: 14 [35840/50176]	Loss: 1.9077
Training Epoch: 14 [36864/50176]	Loss: 2.0697
Training Epoch: 14 [37888/50176]	Loss: 1.9615
Training Epoch: 14 [38912/50176]	Loss: 1.9489
Training Epoch: 14 [39936/50176]	Loss: 2.0411
Training Epoch: 14 [40960/50176]	Loss: 2.0187
Training Epoch: 14 [41984/50176]	Loss: 2.0221
Training Epoch: 14 [43008/50176]	Loss: 1.9060
Training Epoch: 14 [44032/50176]	Loss: 2.0682
Training Epoch: 14 [45056/50176]	Loss: 2.0572
Training Epoch: 14 [46080/50176]	Loss: 1.9483
Training Epoch: 14 [47104/50176]	Loss: 2.0940
Training Epoch: 14 [48128/50176]	Loss: 2.0046
Training Epoch: 14 [49152/50176]	Loss: 2.0177
Training Epoch: 14 [50176/50176]	Loss: 1.9584
2022-11-02 20:26:33.967 [ZeusMonitor] Caught signal 2, end monitoring.
2022-11-02 16:26:33,991 [ZeusDataLoader(eval)] eval epoch 15 done: time=5.65 energy=813.64
2022-11-02 16:26:33,991 [ZeusDataLoader(train)] Up to epoch 15: time=1291.88, energy=182302.40, cost=204190.59
2022-11-02 16:26:33,991 [ZeusDataLoader(train)] Optimal PL train & eval expected time=73.80 energy=11342.89
2022-11-02 16:26:33,991 [ZeusDataLoader(train)] Expected next epoch: time=1365.68, energy=193645.29, cost=216319.48
2022-11-02 16:26:33,993 [ZeusDataLoader(train)] Epoch 16 begin.
Validation Epoch: 14, Average loss: 0.0021, Accuracy: 0.4413
2022-11-02 16:26:34,137 [ZeusDataLoader(train)] [GPU_0] Zeus monitor started.
2022-11-02 16:26:34,138 [ZeusDataLoader(train)] Steady state power limit: OPT 175W
2022-11-02 20:26:34.142 [ZeusMonitor] Monitor started.
2022-11-02 20:26:34.142 [ZeusMonitor] Running indefinitely. 2022-11-02 20:26:34.142 [ZeusMonitor] Sleeping 100ms after each poll. 
2022-11-02 20:26:34.142 [ZeusMonitor] Logfile path: /workspace/zeus_logs/cifar100+shufflenetv2+bs1024+adam+lr0.001+tm0.5+me100+x2+eta0.5+beta2.0+2022110216041667419495/bs1024+e16+gpu0.power.log
2022-11-02 16:27:43,275 [ZeusDataLoader(train)] train epoch 16 done: time=69.27 energy=10588.59
2022-11-02 16:27:43,279 [ZeusDataLoader(eval)] Epoch 16 begin.
Training Epoch: 15 [1024/50176]	Loss: 1.8599
Training Epoch: 15 [2048/50176]	Loss: 1.9198
Training Epoch: 15 [3072/50176]	Loss: 1.8420
Training Epoch: 15 [4096/50176]	Loss: 1.9273
Training Epoch: 15 [5120/50176]	Loss: 1.9860
Training Epoch: 15 [6144/50176]	Loss: 1.9875
Training Epoch: 15 [7168/50176]	Loss: 1.8423
Training Epoch: 15 [8192/50176]	Loss: 1.8897
Training Epoch: 15 [9216/50176]	Loss: 1.8473
Training Epoch: 15 [10240/50176]	Loss: 1.8493
Training Epoch: 15 [11264/50176]	Loss: 1.8353
Training Epoch: 15 [12288/50176]	Loss: 1.8343
Training Epoch: 15 [13312/50176]	Loss: 1.9782
Training Epoch: 15 [14336/50176]	Loss: 1.9208
Training Epoch: 15 [15360/50176]	Loss: 1.8794
Training Epoch: 15 [16384/50176]	Loss: 1.8462
Training Epoch: 15 [17408/50176]	Loss: 2.0164
Training Epoch: 15 [18432/50176]	Loss: 1.9319
Training Epoch: 15 [19456/50176]	Loss: 1.9203
Training Epoch: 15 [20480/50176]	Loss: 1.9151
Training Epoch: 15 [21504/50176]	Loss: 1.9187
Training Epoch: 15 [22528/50176]	Loss: 1.9197
Training Epoch: 15 [23552/50176]	Loss: 1.9268
Training Epoch: 15 [24576/50176]	Loss: 1.9330
Training Epoch: 15 [25600/50176]	Loss: 1.9728
Training Epoch: 15 [26624/50176]	Loss: 1.9292
Training Epoch: 15 [27648/50176]	Loss: 1.8145
Training Epoch: 15 [28672/50176]	Loss: 1.8979
Training Epoch: 15 [29696/50176]	Loss: 2.0482
Training Epoch: 15 [30720/50176]	Loss: 2.0302
Training Epoch: 15 [31744/50176]	Loss: 1.9997
Training Epoch: 15 [32768/50176]	Loss: 1.8816
Training Epoch: 15 [33792/50176]	Loss: 1.9876
Training Epoch: 15 [34816/50176]	Loss: 1.9589
Training Epoch: 15 [35840/50176]	Loss: 1.9690
Training Epoch: 15 [36864/50176]	Loss: 1.9362
Training Epoch: 15 [37888/50176]	Loss: 1.9374
Training Epoch: 15 [38912/50176]	Loss: 1.9293
Training Epoch: 15 [39936/50176]	Loss: 2.0135
Training Epoch: 15 [40960/50176]	Loss: 1.8593
Training Epoch: 15 [41984/50176]	Loss: 1.8324
Training Epoch: 15 [43008/50176]	Loss: 1.9027
Training Epoch: 15 [44032/50176]	Loss: 1.8460
Training Epoch: 15 [45056/50176]	Loss: 1.9318
Training Epoch: 15 [46080/50176]	Loss: 1.8613
Training Epoch: 15 [47104/50176]	Loss: 1.8380
Training Epoch: 15 [48128/50176]	Loss: 1.8334
Training Epoch: 15 [49152/50176]	Loss: 1.9679
Training Epoch: 15 [50176/50176]	Loss: 1.9423
2022-11-02 20:27:48.897 [ZeusMonitor] Caught signal 2, end monitoring.
2022-11-02 16:27:48,923 [ZeusDataLoader(eval)] eval epoch 16 done: time=5.64 energy=818.72
2022-11-02 16:27:48,923 [ZeusDataLoader(train)] Up to epoch 16: time=1366.79, energy=193709.71, cost=216448.74
2022-11-02 16:27:48,924 [ZeusDataLoader(train)] Optimal PL train & eval expected time=73.80 energy=11342.89
2022-11-02 16:27:48,924 [ZeusDataLoader(train)] Expected next epoch: time=1440.59, energy=205052.60, cost=228577.63
2022-11-02 16:27:48,925 [ZeusDataLoader(train)] Epoch 17 begin.
Validation Epoch: 15, Average loss: 0.0021, Accuracy: 0.4288
2022-11-02 16:27:49,118 [ZeusDataLoader(train)] [GPU_0] Zeus monitor started.
2022-11-02 16:27:49,119 [ZeusDataLoader(train)] Steady state power limit: OPT 175W
2022-11-02 20:27:49.121 [ZeusMonitor] Monitor started.
2022-11-02 20:27:49.121 [ZeusMonitor] Running indefinitely. 2022-11-02 20:27:49.121 [ZeusMonitor] Sleeping 100ms after each poll. 
2022-11-02 20:27:49.121 [ZeusMonitor] Logfile path: /workspace/zeus_logs/cifar100+shufflenetv2+bs1024+adam+lr0.001+tm0.5+me100+x2+eta0.5+beta2.0+2022110216041667419495/bs1024+e17+gpu0.power.log
2022-11-02 16:28:58,098 [ZeusDataLoader(train)] train epoch 17 done: time=69.16 energy=10594.89
2022-11-02 16:28:58,101 [ZeusDataLoader(eval)] Epoch 17 begin.
Training Epoch: 16 [1024/50176]	Loss: 1.9358
Training Epoch: 16 [2048/50176]	Loss: 1.9081
Training Epoch: 16 [3072/50176]	Loss: 1.8627
Training Epoch: 16 [4096/50176]	Loss: 1.8431
Training Epoch: 16 [5120/50176]	Loss: 1.8262
Training Epoch: 16 [6144/50176]	Loss: 1.8727
Training Epoch: 16 [7168/50176]	Loss: 1.8493
Training Epoch: 16 [8192/50176]	Loss: 1.8225
Training Epoch: 16 [9216/50176]	Loss: 1.8249
Training Epoch: 16 [10240/50176]	Loss: 1.8140
Training Epoch: 16 [11264/50176]	Loss: 1.9321
Training Epoch: 16 [12288/50176]	Loss: 1.9332
Training Epoch: 16 [13312/50176]	Loss: 1.9153
Training Epoch: 16 [14336/50176]	Loss: 1.8709
Training Epoch: 16 [15360/50176]	Loss: 1.9224
Training Epoch: 16 [16384/50176]	Loss: 1.8873
Training Epoch: 16 [17408/50176]	Loss: 1.7317
Training Epoch: 16 [18432/50176]	Loss: 1.9514
Training Epoch: 16 [19456/50176]	Loss: 1.8952
Training Epoch: 16 [20480/50176]	Loss: 1.8698
Training Epoch: 16 [21504/50176]	Loss: 1.8505
Training Epoch: 16 [22528/50176]	Loss: 1.8448
Training Epoch: 16 [23552/50176]	Loss: 1.9088
Training Epoch: 16 [24576/50176]	Loss: 1.8978
Training Epoch: 16 [25600/50176]	Loss: 1.8605
Training Epoch: 16 [26624/50176]	Loss: 1.8591
Training Epoch: 16 [27648/50176]	Loss: 1.8072
Training Epoch: 16 [28672/50176]	Loss: 1.8031
Training Epoch: 16 [29696/50176]	Loss: 1.8431
Training Epoch: 16 [30720/50176]	Loss: 1.8061
Training Epoch: 16 [31744/50176]	Loss: 1.8538
Training Epoch: 16 [32768/50176]	Loss: 1.7624
Training Epoch: 16 [33792/50176]	Loss: 1.8023
Training Epoch: 16 [34816/50176]	Loss: 1.8911
Training Epoch: 16 [35840/50176]	Loss: 1.8663
Training Epoch: 16 [36864/50176]	Loss: 1.7752
Training Epoch: 16 [37888/50176]	Loss: 1.8829
Training Epoch: 16 [38912/50176]	Loss: 1.7755
Training Epoch: 16 [39936/50176]	Loss: 1.8463
Training Epoch: 16 [40960/50176]	Loss: 1.8270
Training Epoch: 16 [41984/50176]	Loss: 1.9010
Training Epoch: 16 [43008/50176]	Loss: 1.8425
Training Epoch: 16 [44032/50176]	Loss: 1.7620
Training Epoch: 16 [45056/50176]	Loss: 1.7912
Training Epoch: 16 [46080/50176]	Loss: 1.8359
Training Epoch: 16 [47104/50176]	Loss: 1.8309
Training Epoch: 16 [48128/50176]	Loss: 1.9209
Training Epoch: 16 [49152/50176]	Loss: 1.8927
Training Epoch: 16 [50176/50176]	Loss: 1.9029
2022-11-02 20:29:03.680 [ZeusMonitor] Caught signal 2, end monitoring.
2022-11-02 16:29:03,739 [ZeusDataLoader(eval)] eval epoch 17 done: time=5.63 energy=805.41
2022-11-02 16:29:03,739 [ZeusDataLoader(train)] Up to epoch 17: time=1441.58, energy=205110.02, cost=228693.22
2022-11-02 16:29:03,739 [ZeusDataLoader(train)] Optimal PL train & eval expected time=73.80 energy=11342.89
2022-11-02 16:29:03,739 [ZeusDataLoader(train)] Expected next epoch: time=1515.38, energy=216452.91, cost=240822.11
2022-11-02 16:29:03,741 [ZeusDataLoader(train)] Epoch 18 begin.
Validation Epoch: 16, Average loss: 0.0021, Accuracy: 0.4380
2022-11-02 16:29:03,921 [ZeusDataLoader(train)] [GPU_0] Zeus monitor started.
2022-11-02 16:29:03,922 [ZeusDataLoader(train)] Steady state power limit: OPT 175W
2022-11-02 20:29:03.936 [ZeusMonitor] Monitor started.
2022-11-02 20:29:03.936 [ZeusMonitor] Running indefinitely. 2022-11-02 20:29:03.936 [ZeusMonitor] Sleeping 100ms after each poll. 
2022-11-02 20:29:03.936 [ZeusMonitor] Logfile path: /workspace/zeus_logs/cifar100+shufflenetv2+bs1024+adam+lr0.001+tm0.5+me100+x2+eta0.5+beta2.0+2022110216041667419495/bs1024+e18+gpu0.power.log
2022-11-02 16:30:12,945 [ZeusDataLoader(train)] train epoch 18 done: time=69.19 energy=10601.78
2022-11-02 16:30:12,948 [ZeusDataLoader(eval)] Epoch 18 begin.
Training Epoch: 17 [1024/50176]	Loss: 1.8082
Training Epoch: 17 [2048/50176]	Loss: 1.8028
Training Epoch: 17 [3072/50176]	Loss: 1.8514
Training Epoch: 17 [4096/50176]	Loss: 1.9215
Training Epoch: 17 [5120/50176]	Loss: 1.7820
Training Epoch: 17 [6144/50176]	Loss: 1.7623
Training Epoch: 17 [7168/50176]	Loss: 1.7163
Training Epoch: 17 [8192/50176]	Loss: 1.7314
Training Epoch: 17 [9216/50176]	Loss: 1.8180
Training Epoch: 17 [10240/50176]	Loss: 1.8363
Training Epoch: 17 [11264/50176]	Loss: 1.7573
Training Epoch: 17 [12288/50176]	Loss: 1.8308
Training Epoch: 17 [13312/50176]	Loss: 1.7951
Training Epoch: 17 [14336/50176]	Loss: 1.8295
Training Epoch: 17 [15360/50176]	Loss: 1.7317
Training Epoch: 17 [16384/50176]	Loss: 1.7496
Training Epoch: 17 [17408/50176]	Loss: 1.6808
Training Epoch: 17 [18432/50176]	Loss: 1.7803
Training Epoch: 17 [19456/50176]	Loss: 1.8814
Training Epoch: 17 [20480/50176]	Loss: 1.8594
Training Epoch: 17 [21504/50176]	Loss: 1.8584
Training Epoch: 17 [22528/50176]	Loss: 1.8526
Training Epoch: 17 [23552/50176]	Loss: 1.8079
Training Epoch: 17 [24576/50176]	Loss: 1.7818
Training Epoch: 17 [25600/50176]	Loss: 1.9067
Training Epoch: 17 [26624/50176]	Loss: 1.8867
Training Epoch: 17 [27648/50176]	Loss: 1.7840
Training Epoch: 17 [28672/50176]	Loss: 1.8667
Training Epoch: 17 [29696/50176]	Loss: 1.7942
Training Epoch: 17 [30720/50176]	Loss: 1.7836
Training Epoch: 17 [31744/50176]	Loss: 1.8540
Training Epoch: 17 [32768/50176]	Loss: 1.8417
Training Epoch: 17 [33792/50176]	Loss: 1.7605
Training Epoch: 17 [34816/50176]	Loss: 1.8650
Training Epoch: 17 [35840/50176]	Loss: 1.8156
Training Epoch: 17 [36864/50176]	Loss: 1.8215
Training Epoch: 17 [37888/50176]	Loss: 1.9062
Training Epoch: 17 [38912/50176]	Loss: 1.7225
Training Epoch: 17 [39936/50176]	Loss: 1.7358
Training Epoch: 17 [40960/50176]	Loss: 1.7823
Training Epoch: 17 [41984/50176]	Loss: 1.7638
Training Epoch: 17 [43008/50176]	Loss: 1.7396
Training Epoch: 17 [44032/50176]	Loss: 1.8183
Training Epoch: 17 [45056/50176]	Loss: 1.7294
Training Epoch: 17 [46080/50176]	Loss: 1.8400
Training Epoch: 17 [47104/50176]	Loss: 1.8338
Training Epoch: 17 [48128/50176]	Loss: 1.9249
Training Epoch: 17 [49152/50176]	Loss: 1.7183
Training Epoch: 17 [50176/50176]	Loss: 1.6155
2022-11-02 20:30:18.537 [ZeusMonitor] Caught signal 2, end monitoring.
2022-11-02 16:30:18,589 [ZeusDataLoader(eval)] eval epoch 18 done: time=5.63 energy=818.11
2022-11-02 16:30:18,589 [ZeusDataLoader(train)] Up to epoch 18: time=1516.41, energy=216529.91, cost=240950.44
2022-11-02 16:30:18,589 [ZeusDataLoader(train)] Optimal PL train & eval expected time=73.80 energy=11342.89
2022-11-02 16:30:18,589 [ZeusDataLoader(train)] Expected next epoch: time=1590.20, energy=227872.80, cost=253079.34
2022-11-02 16:30:18,590 [ZeusDataLoader(train)] Epoch 19 begin.
Validation Epoch: 17, Average loss: 0.0020, Accuracy: 0.4481
2022-11-02 16:30:18,777 [ZeusDataLoader(train)] [GPU_0] Zeus monitor started.
2022-11-02 16:30:18,778 [ZeusDataLoader(train)] Steady state power limit: OPT 175W
2022-11-02 20:30:18.780 [ZeusMonitor] Monitor started.
2022-11-02 20:30:18.780 [ZeusMonitor] Running indefinitely. 2022-11-02 20:30:18.780 [ZeusMonitor] Sleeping 100ms after each poll. 
2022-11-02 20:30:18.780 [ZeusMonitor] Logfile path: /workspace/zeus_logs/cifar100+shufflenetv2+bs1024+adam+lr0.001+tm0.5+me100+x2+eta0.5+beta2.0+2022110216041667419495/bs1024+e19+gpu0.power.log
2022-11-02 16:31:27,814 [ZeusDataLoader(train)] train epoch 19 done: time=69.21 energy=10589.04
2022-11-02 16:31:27,818 [ZeusDataLoader(eval)] Epoch 19 begin.
Training Epoch: 18 [1024/50176]	Loss: 1.6926
Training Epoch: 18 [2048/50176]	Loss: 1.7776
Training Epoch: 18 [3072/50176]	Loss: 1.7126
Training Epoch: 18 [4096/50176]	Loss: 1.7309
Training Epoch: 18 [5120/50176]	Loss: 1.7196
Training Epoch: 18 [6144/50176]	Loss: 1.6861
Training Epoch: 18 [7168/50176]	Loss: 1.7111
Training Epoch: 18 [8192/50176]	Loss: 1.7779
Training Epoch: 18 [9216/50176]	Loss: 1.7258
Training Epoch: 18 [10240/50176]	Loss: 1.7327
Training Epoch: 18 [11264/50176]	Loss: 1.7394
Training Epoch: 18 [12288/50176]	Loss: 1.7379
Training Epoch: 18 [13312/50176]	Loss: 1.7114
Training Epoch: 18 [14336/50176]	Loss: 1.7106
Training Epoch: 18 [15360/50176]	Loss: 1.7138
Training Epoch: 18 [16384/50176]	Loss: 1.7779
Training Epoch: 18 [17408/50176]	Loss: 1.7685
Training Epoch: 18 [18432/50176]	Loss: 1.7205
Training Epoch: 18 [19456/50176]	Loss: 1.7912
Training Epoch: 18 [20480/50176]	Loss: 1.7501
Training Epoch: 18 [21504/50176]	Loss: 1.6564
Training Epoch: 18 [22528/50176]	Loss: 1.7281
Training Epoch: 18 [23552/50176]	Loss: 1.7844
Training Epoch: 18 [24576/50176]	Loss: 1.6977
Training Epoch: 18 [25600/50176]	Loss: 1.7996
Training Epoch: 18 [26624/50176]	Loss: 1.8195
Training Epoch: 18 [27648/50176]	Loss: 1.7125
Training Epoch: 18 [28672/50176]	Loss: 1.7193
Training Epoch: 18 [29696/50176]	Loss: 1.7320
Training Epoch: 18 [30720/50176]	Loss: 1.7797
Training Epoch: 18 [31744/50176]	Loss: 1.6823
Training Epoch: 18 [32768/50176]	Loss: 1.6597
Training Epoch: 18 [33792/50176]	Loss: 1.6991
Training Epoch: 18 [34816/50176]	Loss: 1.7671
Training Epoch: 18 [35840/50176]	Loss: 1.7833
Training Epoch: 18 [36864/50176]	Loss: 1.7116
Training Epoch: 18 [37888/50176]	Loss: 1.6866
Training Epoch: 18 [38912/50176]	Loss: 1.7687
Training Epoch: 18 [39936/50176]	Loss: 1.7032
Training Epoch: 18 [40960/50176]	Loss: 1.6428
Training Epoch: 18 [41984/50176]	Loss: 1.7036
Training Epoch: 18 [43008/50176]	Loss: 1.6874
Training Epoch: 18 [44032/50176]	Loss: 1.6840
Training Epoch: 18 [45056/50176]	Loss: 1.8254
Training Epoch: 18 [46080/50176]	Loss: 1.7707
Training Epoch: 18 [47104/50176]	Loss: 1.7905
Training Epoch: 18 [48128/50176]	Loss: 1.7637
Training Epoch: 18 [49152/50176]	Loss: 1.7227
Training Epoch: 18 [50176/50176]	Loss: 1.7615
2022-11-02 20:31:33.364 [ZeusMonitor] Caught signal 2, end monitoring.
2022-11-02 16:31:33,404 [ZeusDataLoader(eval)] eval epoch 19 done: time=5.58 energy=806.31
2022-11-02 16:31:33,404 [ZeusDataLoader(train)] Up to epoch 19: time=1591.20, energy=227925.26, cost=253192.41
2022-11-02 16:31:33,404 [ZeusDataLoader(train)] Optimal PL train & eval expected time=73.80 energy=11342.89
2022-11-02 16:31:33,404 [ZeusDataLoader(train)] Expected next epoch: time=1665.00, energy=239268.15, cost=265321.30
2022-11-02 16:31:33,406 [ZeusDataLoader(train)] Epoch 20 begin.
Validation Epoch: 18, Average loss: 0.0021, Accuracy: 0.4364
2022-11-02 16:31:33,553 [ZeusDataLoader(train)] [GPU_0] Zeus monitor started.
2022-11-02 16:31:33,554 [ZeusDataLoader(train)] Steady state power limit: OPT 175W
2022-11-02 20:31:33.557 [ZeusMonitor] Monitor started.
2022-11-02 20:31:33.557 [ZeusMonitor] Running indefinitely. 2022-11-02 20:31:33.557 [ZeusMonitor] Sleeping 100ms after each poll. 
2022-11-02 20:31:33.557 [ZeusMonitor] Logfile path: /workspace/zeus_logs/cifar100+shufflenetv2+bs1024+adam+lr0.001+tm0.5+me100+x2+eta0.5+beta2.0+2022110216041667419495/bs1024+e20+gpu0.power.log
2022-11-02 16:32:42,566 [ZeusDataLoader(train)] train epoch 20 done: time=69.15 energy=10599.31
2022-11-02 16:32:42,570 [ZeusDataLoader(eval)] Epoch 20 begin.
Training Epoch: 19 [1024/50176]	Loss: 1.7610
Training Epoch: 19 [2048/50176]	Loss: 1.6581
Training Epoch: 19 [3072/50176]	Loss: 1.7069
Training Epoch: 19 [4096/50176]	Loss: 1.6602
Training Epoch: 19 [5120/50176]	Loss: 1.7014
Training Epoch: 19 [6144/50176]	Loss: 1.7378
Training Epoch: 19 [7168/50176]	Loss: 1.6440
Training Epoch: 19 [8192/50176]	Loss: 1.7176
Training Epoch: 19 [9216/50176]	Loss: 1.7819
Training Epoch: 19 [10240/50176]	Loss: 1.6719
Training Epoch: 19 [11264/50176]	Loss: 1.6272
Training Epoch: 19 [12288/50176]	Loss: 1.7426
Training Epoch: 19 [13312/50176]	Loss: 1.6528
Training Epoch: 19 [14336/50176]	Loss: 1.6488
Training Epoch: 19 [15360/50176]	Loss: 1.7187
Training Epoch: 19 [16384/50176]	Loss: 1.6102
Training Epoch: 19 [17408/50176]	Loss: 1.6902
Training Epoch: 19 [18432/50176]	Loss: 1.6309
Training Epoch: 19 [19456/50176]	Loss: 1.6884
Training Epoch: 19 [20480/50176]	Loss: 1.7318
Training Epoch: 19 [21504/50176]	Loss: 1.8089
Training Epoch: 19 [22528/50176]	Loss: 1.6371
Training Epoch: 19 [23552/50176]	Loss: 1.7371
Training Epoch: 19 [24576/50176]	Loss: 1.7462
Training Epoch: 19 [25600/50176]	Loss: 1.7258
Training Epoch: 19 [26624/50176]	Loss: 1.6894
Training Epoch: 19 [27648/50176]	Loss: 1.6457
Training Epoch: 19 [28672/50176]	Loss: 1.7134
Training Epoch: 19 [29696/50176]	Loss: 1.6186
Training Epoch: 19 [30720/50176]	Loss: 1.6526
Training Epoch: 19 [31744/50176]	Loss: 1.7163
Training Epoch: 19 [32768/50176]	Loss: 1.6869
Training Epoch: 19 [33792/50176]	Loss: 1.6959
Training Epoch: 19 [34816/50176]	Loss: 1.7893
Training Epoch: 19 [35840/50176]	Loss: 1.6501
Training Epoch: 19 [36864/50176]	Loss: 1.7281
Training Epoch: 19 [37888/50176]	Loss: 1.7061
Training Epoch: 19 [38912/50176]	Loss: 1.6738
Training Epoch: 19 [39936/50176]	Loss: 1.6772
Training Epoch: 19 [40960/50176]	Loss: 1.7969
Training Epoch: 19 [41984/50176]	Loss: 1.7875
Training Epoch: 19 [43008/50176]	Loss: 1.7604
Training Epoch: 19 [44032/50176]	Loss: 1.8179
Training Epoch: 19 [45056/50176]	Loss: 1.6594
Training Epoch: 19 [46080/50176]	Loss: 1.6475
Training Epoch: 19 [47104/50176]	Loss: 1.5828
Training Epoch: 19 [48128/50176]	Loss: 1.7607
Training Epoch: 19 [49152/50176]	Loss: 1.7415
Training Epoch: 19 [50176/50176]	Loss: 1.7508
2022-11-02 20:32:48.098 [ZeusMonitor] Caught signal 2, end monitoring.
2022-11-02 16:32:48,111 [ZeusDataLoader(eval)] eval epoch 20 done: time=5.53 energy=790.74
2022-11-02 16:32:48,111 [ZeusDataLoader(train)] Up to epoch 20: time=1665.88, energy=239315.31, cost=265422.25
2022-11-02 16:32:48,112 [ZeusDataLoader(train)] Optimal PL train & eval expected time=73.80 energy=11342.89
2022-11-02 16:32:48,112 [ZeusDataLoader(train)] Expected next epoch: time=1739.68, energy=250658.20, cost=277551.14
2022-11-02 16:32:48,113 [ZeusDataLoader(train)] Epoch 21 begin.
Validation Epoch: 19, Average loss: 0.0019, Accuracy: 0.4789
2022-11-02 16:32:48,263 [ZeusDataLoader(train)] [GPU_0] Zeus monitor started.
2022-11-02 16:32:48,263 [ZeusDataLoader(train)] Steady state power limit: OPT 175W
2022-11-02 20:32:48.267 [ZeusMonitor] Monitor started.
2022-11-02 20:32:48.267 [ZeusMonitor] Running indefinitely. 2022-11-02 20:32:48.267 [ZeusMonitor] Sleeping 100ms after each poll. 
2022-11-02 20:32:48.267 [ZeusMonitor] Logfile path: /workspace/zeus_logs/cifar100+shufflenetv2+bs1024+adam+lr0.001+tm0.5+me100+x2+eta0.5+beta2.0+2022110216041667419495/bs1024+e21+gpu0.power.log
2022-11-02 16:33:57,252 [ZeusDataLoader(train)] train epoch 21 done: time=69.13 energy=10591.37
2022-11-02 16:33:57,256 [ZeusDataLoader(eval)] Epoch 21 begin.
Training Epoch: 20 [1024/50176]	Loss: 1.6763
Training Epoch: 20 [2048/50176]	Loss: 1.5129
Training Epoch: 20 [3072/50176]	Loss: 1.6864
Training Epoch: 20 [4096/50176]	Loss: 1.5482
Training Epoch: 20 [5120/50176]	Loss: 1.6514
Training Epoch: 20 [6144/50176]	Loss: 1.6255
Training Epoch: 20 [7168/50176]	Loss: 1.5848
Training Epoch: 20 [8192/50176]	Loss: 1.5966
Training Epoch: 20 [9216/50176]	Loss: 1.6702
Training Epoch: 20 [10240/50176]	Loss: 1.7041
Training Epoch: 20 [11264/50176]	Loss: 1.7624
Training Epoch: 20 [12288/50176]	Loss: 1.7080
Training Epoch: 20 [13312/50176]	Loss: 1.6976
Training Epoch: 20 [14336/50176]	Loss: 1.5561
Training Epoch: 20 [15360/50176]	Loss: 1.7098
Training Epoch: 20 [16384/50176]	Loss: 1.6805
Training Epoch: 20 [17408/50176]	Loss: 1.5619
Training Epoch: 20 [18432/50176]	Loss: 1.6371
Training Epoch: 20 [19456/50176]	Loss: 1.6404
Training Epoch: 20 [20480/50176]	Loss: 1.6158
Training Epoch: 20 [21504/50176]	Loss: 1.7224
Training Epoch: 20 [22528/50176]	Loss: 1.6274
Training Epoch: 20 [23552/50176]	Loss: 1.6049
Training Epoch: 20 [24576/50176]	Loss: 1.7065
Training Epoch: 20 [25600/50176]	Loss: 1.6020
Training Epoch: 20 [26624/50176]	Loss: 1.7190
Training Epoch: 20 [27648/50176]	Loss: 1.7020
Training Epoch: 20 [28672/50176]	Loss: 1.5908
Training Epoch: 20 [29696/50176]	Loss: 1.7266
Training Epoch: 20 [30720/50176]	Loss: 1.6828
Training Epoch: 20 [31744/50176]	Loss: 1.7732
Training Epoch: 20 [32768/50176]	Loss: 1.7571
Training Epoch: 20 [33792/50176]	Loss: 1.6774
Training Epoch: 20 [34816/50176]	Loss: 1.5956
Training Epoch: 20 [35840/50176]	Loss: 1.6644
Training Epoch: 20 [36864/50176]	Loss: 1.7379
Training Epoch: 20 [37888/50176]	Loss: 1.8231
Training Epoch: 20 [38912/50176]	Loss: 1.5393
Training Epoch: 20 [39936/50176]	Loss: 1.5851
Training Epoch: 20 [40960/50176]	Loss: 1.5515
Training Epoch: 20 [41984/50176]	Loss: 1.6721
Training Epoch: 20 [43008/50176]	Loss: 1.5926
Training Epoch: 20 [44032/50176]	Loss: 1.6664
Training Epoch: 20 [45056/50176]	Loss: 1.6847
Training Epoch: 20 [46080/50176]	Loss: 1.6638
Training Epoch: 20 [47104/50176]	Loss: 1.6220
Training Epoch: 20 [48128/50176]	Loss: 1.6271
Training Epoch: 20 [49152/50176]	Loss: 1.6756
Training Epoch: 20 [50176/50176]	Loss: 1.7224
2022-11-02 20:34:02.837 [ZeusMonitor] Caught signal 2, end monitoring.
2022-11-02 16:34:02,854 [ZeusDataLoader(eval)] eval epoch 21 done: time=5.59 energy=801.43
2022-11-02 16:34:02,855 [ZeusDataLoader(train)] Up to epoch 21: time=1740.60, energy=250708.11, cost=277656.54
2022-11-02 16:34:02,855 [ZeusDataLoader(train)] Optimal PL train & eval expected time=73.80 energy=11342.89
2022-11-02 16:34:02,855 [ZeusDataLoader(train)] Expected next epoch: time=1814.40, energy=262051.00, cost=289785.43
2022-11-02 16:34:02,856 [ZeusDataLoader(train)] Epoch 22 begin.
Validation Epoch: 20, Average loss: 0.0019, Accuracy: 0.4722
2022-11-02 16:34:03,047 [ZeusDataLoader(train)] [GPU_0] Zeus monitor started.
2022-11-02 16:34:03,048 [ZeusDataLoader(train)] Steady state power limit: OPT 175W
2022-11-02 20:34:03.061 [ZeusMonitor] Monitor started.
2022-11-02 20:34:03.061 [ZeusMonitor] Running indefinitely. 2022-11-02 20:34:03.061 [ZeusMonitor] Sleeping 100ms after each poll. 
2022-11-02 20:34:03.061 [ZeusMonitor] Logfile path: /workspace/zeus_logs/cifar100+shufflenetv2+bs1024+adam+lr0.001+tm0.5+me100+x2+eta0.5+beta2.0+2022110216041667419495/bs1024+e22+gpu0.power.log
2022-11-02 16:35:12,027 [ZeusDataLoader(train)] train epoch 22 done: time=69.16 energy=10587.89
2022-11-02 16:35:12,031 [ZeusDataLoader(eval)] Epoch 22 begin.
Training Epoch: 21 [1024/50176]	Loss: 1.4947
Training Epoch: 21 [2048/50176]	Loss: 1.5106
Training Epoch: 21 [3072/50176]	Loss: 1.5489
Training Epoch: 21 [4096/50176]	Loss: 1.5047
Training Epoch: 21 [5120/50176]	Loss: 1.5818
Training Epoch: 21 [6144/50176]	Loss: 1.6420
Training Epoch: 21 [7168/50176]	Loss: 1.5790
Training Epoch: 21 [8192/50176]	Loss: 1.5258
Training Epoch: 21 [9216/50176]	Loss: 1.6460
Training Epoch: 21 [10240/50176]	Loss: 1.5995
Training Epoch: 21 [11264/50176]	Loss: 1.6731
Training Epoch: 21 [12288/50176]	Loss: 1.6166
Training Epoch: 21 [13312/50176]	Loss: 1.4968
Training Epoch: 21 [14336/50176]	Loss: 1.6280
Training Epoch: 21 [15360/50176]	Loss: 1.8090
Training Epoch: 21 [16384/50176]	Loss: 1.6769
Training Epoch: 21 [17408/50176]	Loss: 1.5734
Training Epoch: 21 [18432/50176]	Loss: 1.5571
Training Epoch: 21 [19456/50176]	Loss: 1.5830
Training Epoch: 21 [20480/50176]	Loss: 1.5790
Training Epoch: 21 [21504/50176]	Loss: 1.6440
Training Epoch: 21 [22528/50176]	Loss: 1.6701
Training Epoch: 21 [23552/50176]	Loss: 1.5975
Training Epoch: 21 [24576/50176]	Loss: 1.6789
Training Epoch: 21 [25600/50176]	Loss: 1.6114
Training Epoch: 21 [26624/50176]	Loss: 1.5627
Training Epoch: 21 [27648/50176]	Loss: 1.5400
Training Epoch: 21 [28672/50176]	Loss: 1.7182
Training Epoch: 21 [29696/50176]	Loss: 1.6210
Training Epoch: 21 [30720/50176]	Loss: 1.7049
Training Epoch: 21 [31744/50176]	Loss: 1.5475
Training Epoch: 21 [32768/50176]	Loss: 1.5999
Training Epoch: 21 [33792/50176]	Loss: 1.6012
Training Epoch: 21 [34816/50176]	Loss: 1.5084
Training Epoch: 21 [35840/50176]	Loss: 1.5388
Training Epoch: 21 [36864/50176]	Loss: 1.6976
Training Epoch: 21 [37888/50176]	Loss: 1.6840
Training Epoch: 21 [38912/50176]	Loss: 1.6232
Training Epoch: 21 [39936/50176]	Loss: 1.6674
Training Epoch: 21 [40960/50176]	Loss: 1.6019
Training Epoch: 21 [41984/50176]	Loss: 1.7153
Training Epoch: 21 [43008/50176]	Loss: 1.6244
Training Epoch: 21 [44032/50176]	Loss: 1.5689
Training Epoch: 21 [45056/50176]	Loss: 1.5602
Training Epoch: 21 [46080/50176]	Loss: 1.5970
Training Epoch: 21 [47104/50176]	Loss: 1.6571
Training Epoch: 21 [48128/50176]	Loss: 1.5998
Training Epoch: 21 [49152/50176]	Loss: 1.6388
Training Epoch: 21 [50176/50176]	Loss: 1.6332
2022-11-02 20:35:17.669 [ZeusMonitor] Caught signal 2, end monitoring.
2022-11-02 16:35:17,691 [ZeusDataLoader(eval)] eval epoch 22 done: time=5.65 energy=816.29
2022-11-02 16:35:17,691 [ZeusDataLoader(train)] Up to epoch 22: time=1815.41, energy=262112.30, cost=289904.75
2022-11-02 16:35:17,691 [ZeusDataLoader(train)] Optimal PL train & eval expected time=73.80 energy=11342.89
2022-11-02 16:35:17,691 [ZeusDataLoader(train)] Expected next epoch: time=1889.21, energy=273455.19, cost=302033.65
2022-11-02 16:35:17,693 [ZeusDataLoader(train)] Epoch 23 begin.
Validation Epoch: 21, Average loss: 0.0019, Accuracy: 0.4771
2022-11-02 16:35:17,881 [ZeusDataLoader(train)] [GPU_0] Zeus monitor started.
2022-11-02 16:35:17,882 [ZeusDataLoader(train)] Steady state power limit: OPT 175W
2022-11-02 20:35:17.896 [ZeusMonitor] Monitor started.
2022-11-02 20:35:17.896 [ZeusMonitor] Running indefinitely. 2022-11-02 20:35:17.896 [ZeusMonitor] Sleeping 100ms after each poll. 
2022-11-02 20:35:17.896 [ZeusMonitor] Logfile path: /workspace/zeus_logs/cifar100+shufflenetv2+bs1024+adam+lr0.001+tm0.5+me100+x2+eta0.5+beta2.0+2022110216041667419495/bs1024+e23+gpu0.power.log
2022-11-02 16:36:26,927 [ZeusDataLoader(train)] train epoch 23 done: time=69.22 energy=10591.42
2022-11-02 16:36:26,930 [ZeusDataLoader(eval)] Epoch 23 begin.
Training Epoch: 22 [1024/50176]	Loss: 1.5620
Training Epoch: 22 [2048/50176]	Loss: 1.5154
Training Epoch: 22 [3072/50176]	Loss: 1.5542
Training Epoch: 22 [4096/50176]	Loss: 1.5760
Training Epoch: 22 [5120/50176]	Loss: 1.5774
Training Epoch: 22 [6144/50176]	Loss: 1.5871
Training Epoch: 22 [7168/50176]	Loss: 1.5055
Training Epoch: 22 [8192/50176]	Loss: 1.6233
Training Epoch: 22 [9216/50176]	Loss: 1.5847
Training Epoch: 22 [10240/50176]	Loss: 1.5426
Training Epoch: 22 [11264/50176]	Loss: 1.4676
Training Epoch: 22 [12288/50176]	Loss: 1.6065
Training Epoch: 22 [13312/50176]	Loss: 1.5491
Training Epoch: 22 [14336/50176]	Loss: 1.4964
Training Epoch: 22 [15360/50176]	Loss: 1.5713
Training Epoch: 22 [16384/50176]	Loss: 1.5138
Training Epoch: 22 [17408/50176]	Loss: 1.5171
Training Epoch: 22 [18432/50176]	Loss: 1.4484
Training Epoch: 22 [19456/50176]	Loss: 1.6109
Training Epoch: 22 [20480/50176]	Loss: 1.6842
Training Epoch: 22 [21504/50176]	Loss: 1.5493
Training Epoch: 22 [22528/50176]	Loss: 1.5409
Training Epoch: 22 [23552/50176]	Loss: 1.5761
Training Epoch: 22 [24576/50176]	Loss: 1.5469
Training Epoch: 22 [25600/50176]	Loss: 1.6406
Training Epoch: 22 [26624/50176]	Loss: 1.6330
Training Epoch: 22 [27648/50176]	Loss: 1.6086
Training Epoch: 22 [28672/50176]	Loss: 1.6768
Training Epoch: 22 [29696/50176]	Loss: 1.5584
Training Epoch: 22 [30720/50176]	Loss: 1.5747
Training Epoch: 22 [31744/50176]	Loss: 1.5727
Training Epoch: 22 [32768/50176]	Loss: 1.5780
Training Epoch: 22 [33792/50176]	Loss: 1.5155
Training Epoch: 22 [34816/50176]	Loss: 1.5958
Training Epoch: 22 [35840/50176]	Loss: 1.4701
Training Epoch: 22 [36864/50176]	Loss: 1.4902
Training Epoch: 22 [37888/50176]	Loss: 1.6718
Training Epoch: 22 [38912/50176]	Loss: 1.5782
Training Epoch: 22 [39936/50176]	Loss: 1.5920
Training Epoch: 22 [40960/50176]	Loss: 1.5210
Training Epoch: 22 [41984/50176]	Loss: 1.7038
Training Epoch: 22 [43008/50176]	Loss: 1.5262
Training Epoch: 22 [44032/50176]	Loss: 1.5646
Training Epoch: 22 [45056/50176]	Loss: 1.4121
Training Epoch: 22 [46080/50176]	Loss: 1.5373
Training Epoch: 22 [47104/50176]	Loss: 1.5367
Training Epoch: 22 [48128/50176]	Loss: 1.6055
Training Epoch: 22 [49152/50176]	Loss: 1.5548
Training Epoch: 22 [50176/50176]	Loss: 1.5953
2022-11-02 20:36:32.507 [ZeusMonitor] Caught signal 2, end monitoring.
2022-11-02 16:36:32,557 [ZeusDataLoader(eval)] eval epoch 23 done: time=5.62 energy=810.61
2022-11-02 16:36:32,557 [ZeusDataLoader(train)] Up to epoch 23: time=1890.26, energy=273514.33, cost=302154.50
2022-11-02 16:36:32,558 [ZeusDataLoader(train)] Optimal PL train & eval expected time=73.80 energy=11342.89
2022-11-02 16:36:32,558 [ZeusDataLoader(train)] Expected next epoch: time=1964.05, energy=284857.22, cost=314283.39
2022-11-02 16:36:32,559 [ZeusDataLoader(train)] Epoch 24 begin.
Validation Epoch: 22, Average loss: 0.0019, Accuracy: 0.4884
2022-11-02 16:36:32,749 [ZeusDataLoader(train)] [GPU_0] Zeus monitor started.
2022-11-02 16:36:32,750 [ZeusDataLoader(train)] Steady state power limit: OPT 175W
2022-11-02 20:36:32.752 [ZeusMonitor] Monitor started.
2022-11-02 20:36:32.752 [ZeusMonitor] Running indefinitely. 2022-11-02 20:36:32.752 [ZeusMonitor] Sleeping 100ms after each poll. 
2022-11-02 20:36:32.752 [ZeusMonitor] Logfile path: /workspace/zeus_logs/cifar100+shufflenetv2+bs1024+adam+lr0.001+tm0.5+me100+x2+eta0.5+beta2.0+2022110216041667419495/bs1024+e24+gpu0.power.log
2022-11-02 16:37:41,749 [ZeusDataLoader(train)] train epoch 24 done: time=69.18 energy=10585.42
2022-11-02 16:37:41,753 [ZeusDataLoader(eval)] Epoch 24 begin.
Training Epoch: 23 [1024/50176]	Loss: 1.4733
Training Epoch: 23 [2048/50176]	Loss: 1.4568
Training Epoch: 23 [3072/50176]	Loss: 1.4944
Training Epoch: 23 [4096/50176]	Loss: 1.4268
Training Epoch: 23 [5120/50176]	Loss: 1.5145
Training Epoch: 23 [6144/50176]	Loss: 1.5112
Training Epoch: 23 [7168/50176]	Loss: 1.5757
Training Epoch: 23 [8192/50176]	Loss: 1.5058
Training Epoch: 23 [9216/50176]	Loss: 1.5671
Training Epoch: 23 [10240/50176]	Loss: 1.5453
Training Epoch: 23 [11264/50176]	Loss: 1.5707
Training Epoch: 23 [12288/50176]	Loss: 1.4845
Training Epoch: 23 [13312/50176]	Loss: 1.5270
Training Epoch: 23 [14336/50176]	Loss: 1.4676
Training Epoch: 23 [15360/50176]	Loss: 1.4670
Training Epoch: 23 [16384/50176]	Loss: 1.5094
Training Epoch: 23 [17408/50176]	Loss: 1.5108
Training Epoch: 23 [18432/50176]	Loss: 1.4875
Training Epoch: 23 [19456/50176]	Loss: 1.4326
Training Epoch: 23 [20480/50176]	Loss: 1.4958
Training Epoch: 23 [21504/50176]	Loss: 1.5485
Training Epoch: 23 [22528/50176]	Loss: 1.6608
Training Epoch: 23 [23552/50176]	Loss: 1.6365
Training Epoch: 23 [24576/50176]	Loss: 1.4986
Training Epoch: 23 [25600/50176]	Loss: 1.3957
Training Epoch: 23 [26624/50176]	Loss: 1.5808
Training Epoch: 23 [27648/50176]	Loss: 1.4899
Training Epoch: 23 [28672/50176]	Loss: 1.5303
Training Epoch: 23 [29696/50176]	Loss: 1.5566
Training Epoch: 23 [30720/50176]	Loss: 1.5600
Training Epoch: 23 [31744/50176]	Loss: 1.5354
Training Epoch: 23 [32768/50176]	Loss: 1.6391
Training Epoch: 23 [33792/50176]	Loss: 1.5297
Training Epoch: 23 [34816/50176]	Loss: 1.4900
Training Epoch: 23 [35840/50176]	Loss: 1.5835
Training Epoch: 23 [36864/50176]	Loss: 1.5408
Training Epoch: 23 [37888/50176]	Loss: 1.5545
Training Epoch: 23 [38912/50176]	Loss: 1.5809
Training Epoch: 23 [39936/50176]	Loss: 1.5761
Training Epoch: 23 [40960/50176]	Loss: 1.5647
Training Epoch: 23 [41984/50176]	Loss: 1.5402
Training Epoch: 23 [43008/50176]	Loss: 1.5025
Training Epoch: 23 [44032/50176]	Loss: 1.4174
Training Epoch: 23 [45056/50176]	Loss: 1.4388
Training Epoch: 23 [46080/50176]	Loss: 1.5279
Training Epoch: 23 [47104/50176]	Loss: 1.6020
Training Epoch: 23 [48128/50176]	Loss: 1.4771
Training Epoch: 23 [49152/50176]	Loss: 1.5329
Training Epoch: 23 [50176/50176]	Loss: 1.5649
2022-11-02 20:37:47.325 [ZeusMonitor] Caught signal 2, end monitoring.
2022-11-02 16:37:47,347 [ZeusDataLoader(eval)] eval epoch 24 done: time=5.59 energy=806.51
2022-11-02 16:37:47,347 [ZeusDataLoader(train)] Up to epoch 24: time=1965.02, energy=284906.26, cost=314392.48
2022-11-02 16:37:47,347 [ZeusDataLoader(train)] Optimal PL train & eval expected time=73.80 energy=11342.89
2022-11-02 16:37:47,347 [ZeusDataLoader(train)] Expected next epoch: time=2038.82, energy=296249.14, cost=326521.37
2022-11-02 16:37:47,348 [ZeusDataLoader(train)] Epoch 25 begin.
Validation Epoch: 23, Average loss: 0.0019, Accuracy: 0.4846
2022-11-02 16:37:47,532 [ZeusDataLoader(train)] [GPU_0] Zeus monitor started.
2022-11-02 16:37:47,533 [ZeusDataLoader(train)] Steady state power limit: OPT 175W
2022-11-02 20:37:47.535 [ZeusMonitor] Monitor started.
2022-11-02 20:37:47.535 [ZeusMonitor] Running indefinitely. 2022-11-02 20:37:47.535 [ZeusMonitor] Sleeping 100ms after each poll. 
2022-11-02 20:37:47.535 [ZeusMonitor] Logfile path: /workspace/zeus_logs/cifar100+shufflenetv2+bs1024+adam+lr0.001+tm0.5+me100+x2+eta0.5+beta2.0+2022110216041667419495/bs1024+e25+gpu0.power.log
2022-11-02 16:38:56,545 [ZeusDataLoader(train)] train epoch 25 done: time=69.19 energy=10594.98
2022-11-02 16:38:56,548 [ZeusDataLoader(eval)] Epoch 25 begin.
Training Epoch: 24 [1024/50176]	Loss: 1.5794
Training Epoch: 24 [2048/50176]	Loss: 1.4345
Training Epoch: 24 [3072/50176]	Loss: 1.4579
Training Epoch: 24 [4096/50176]	Loss: 1.4744
Training Epoch: 24 [5120/50176]	Loss: 1.4641
Training Epoch: 24 [6144/50176]	Loss: 1.4157
Training Epoch: 24 [7168/50176]	Loss: 1.3908
Training Epoch: 24 [8192/50176]	Loss: 1.5018
Training Epoch: 24 [9216/50176]	Loss: 1.5161
Training Epoch: 24 [10240/50176]	Loss: 1.4815
Training Epoch: 24 [11264/50176]	Loss: 1.4748
Training Epoch: 24 [12288/50176]	Loss: 1.5106
Training Epoch: 24 [13312/50176]	Loss: 1.4547
Training Epoch: 24 [14336/50176]	Loss: 1.4248
Training Epoch: 24 [15360/50176]	Loss: 1.4849
Training Epoch: 24 [16384/50176]	Loss: 1.4945
Training Epoch: 24 [17408/50176]	Loss: 1.5215
Training Epoch: 24 [18432/50176]	Loss: 1.4937
Training Epoch: 24 [19456/50176]	Loss: 1.4748
Training Epoch: 24 [20480/50176]	Loss: 1.4729
Training Epoch: 24 [21504/50176]	Loss: 1.5307
Training Epoch: 24 [22528/50176]	Loss: 1.4979
Training Epoch: 24 [23552/50176]	Loss: 1.4908
Training Epoch: 24 [24576/50176]	Loss: 1.5404
Training Epoch: 24 [25600/50176]	Loss: 1.5265
Training Epoch: 24 [26624/50176]	Loss: 1.5418
Training Epoch: 24 [27648/50176]	Loss: 1.4882
Training Epoch: 24 [28672/50176]	Loss: 1.5098
Training Epoch: 24 [29696/50176]	Loss: 1.4411
Training Epoch: 24 [30720/50176]	Loss: 1.4545
Training Epoch: 24 [31744/50176]	Loss: 1.5399
Training Epoch: 24 [32768/50176]	Loss: 1.4807
Training Epoch: 24 [33792/50176]	Loss: 1.4310
Training Epoch: 24 [34816/50176]	Loss: 1.5007
Training Epoch: 24 [35840/50176]	Loss: 1.4893
Training Epoch: 24 [36864/50176]	Loss: 1.4753
Training Epoch: 24 [37888/50176]	Loss: 1.4872
Training Epoch: 24 [38912/50176]	Loss: 1.5641
Training Epoch: 24 [39936/50176]	Loss: 1.4474
Training Epoch: 24 [40960/50176]	Loss: 1.5250
Training Epoch: 24 [41984/50176]	Loss: 1.4982
Training Epoch: 24 [43008/50176]	Loss: 1.5194
Training Epoch: 24 [44032/50176]	Loss: 1.4783
Training Epoch: 24 [45056/50176]	Loss: 1.4597
Training Epoch: 24 [46080/50176]	Loss: 1.4862
Training Epoch: 24 [47104/50176]	Loss: 1.4272
Training Epoch: 24 [48128/50176]	Loss: 1.4927
Training Epoch: 24 [49152/50176]	Loss: 1.3965
Training Epoch: 24 [50176/50176]	Loss: 1.4602
2022-11-02 20:39:02.137 [ZeusMonitor] Caught signal 2, end monitoring.
2022-11-02 16:39:02,171 [ZeusDataLoader(eval)] eval epoch 25 done: time=5.61 energy=818.41
2022-11-02 16:39:02,172 [ZeusDataLoader(train)] Up to epoch 25: time=2039.82, energy=296319.65, cost=326644.20
2022-11-02 16:39:02,172 [ZeusDataLoader(train)] Target metric 0.5 was reached! Stopping.
2022-11-02 16:39:02,172 [ZeusDataLoader(train)] Training done.
2022-11-02 16:39:02,172 [ZeusDataLoader(train)] Saved /workspace/zeus_logs/cifar100+shufflenetv2+bs1024+adam+lr0.001+tm0.5+me100+x2+eta0.5+beta2.0+2022110216041667419495/rec01+try01+bs1024.train.json: {"energy": 296319.64810927096, "time": 2039.8214584470002, "cost": 326644.201668748, "num_epochs": 25, "reached": true}
Validation Epoch: 24, Average loss: 0.0018, Accuracy: 0.5013
