2022-12-06 10:11:03,357 [ZeusDataLoader(train)] Distributed data parallel: OFF
2022-12-06 10:11:03,358 [ZeusDataLoader(train)] The profile window takes 50 iterations (10 for warmup + 40 for profile) and exceeds the number of iterations (49) in one epoch. Scaling the profile window to fit in one epoch...
2022-12-06 10:11:03,358 [ZeusDataLoader(train)] Scaling done! New profile window takes 47 iterations (9 for warmup + 38 for profile).
2022-12-06 10:11:03,404 [ZeusDataLoader(train)] Power limit range: [175000, 150000, 125000, 100000]
2022-12-06 10:11:03,404 [ZeusDataLoader(train)] Power profiling: ON
Files already downloaded and verified
Files already downloaded and verified
Traceback (most recent call last):
  File "/workspace/zeus/examples/cifar100/train_lr.py", line 256, in <module>
    main(parse_args())
  File "/workspace/zeus/examples/cifar100/train_lr.py", line 168, in main
    model = model.cuda()
  File "/root/.local/miniconda3/lib/python3.9/site-packages/torch/nn/modules/module.py", line 680, in cuda
    return self._apply(lambda t: t.cuda(device))
  File "/root/.local/miniconda3/lib/python3.9/site-packages/torch/nn/modules/module.py", line 570, in _apply
    module._apply(fn)
  File "/root/.local/miniconda3/lib/python3.9/site-packages/torch/nn/modules/module.py", line 570, in _apply
    module._apply(fn)
  File "/root/.local/miniconda3/lib/python3.9/site-packages/torch/nn/modules/module.py", line 593, in _apply
    param_applied = fn(param)
  File "/root/.local/miniconda3/lib/python3.9/site-packages/torch/nn/modules/module.py", line 680, in <lambda>
    return self._apply(lambda t: t.cuda(device))
KeyboardInterrupt
