Files already downloaded and verified
Files already downloaded and verified
power limit arg: 175
learning rate arg: 4.4721359549995795e-05
batch size arg: 2048
ProfileDataLoader constructor: called constructor of DataLoader!
[Profile DataLoader] The profile window takes 50 iterations (10 for warmup + 40 for profile) and exceeds the number of iterations (25) in one epoch. Scaling the profile window to fit in one epoch...
[Profile DataLoader] Scaling done! New profile window takes 23 iterations (4 for warmup + 19 for profile).
ProfileDataLoader constructor: called constructor of DataLoader!
Launching Zeus monitor 0...
[GPU_0] Set GPU power limit to 175W.
Warm-up started with power limit 175W
Training Epoch: 0 [2048/51200]	Loss: 4.6363
Training Epoch: 0 [4096/51200]	Loss: 4.6239
Training Epoch: 0 [6144/51200]	Loss: 4.6273
Training Epoch: 0 [8192/51200]	Loss: 4.6353
Training Epoch: 0 [10240/51200]	Loss: 4.6235
Training Epoch: 0 [12288/51200]	Loss: 4.6174
Training Epoch: 0 [14336/51200]	Loss: 4.6155
Training Epoch: 0 [16384/51200]	Loss: 4.6118
Training Epoch: 0 [18432/51200]	Loss: 4.6086
Training Epoch: 0 [20480/51200]	Loss: 4.6027
Training Epoch: 0 [22528/51200]	Loss: 4.6090
Training Epoch: 0 [24576/51200]	Loss: 4.6079
Training Epoch: 0 [26624/51200]	Loss: 4.6054
Training Epoch: 0 [28672/51200]	Loss: 4.6058
Training Epoch: 0 [30720/51200]	Loss: 4.5958
Training Epoch: 0 [32768/51200]	Loss: 4.5991
Training Epoch: 0 [34816/51200]	Loss: 4.5949
Training Epoch: 0 [36864/51200]	Loss: 4.5893
Training Epoch: 0 [38912/51200]	Loss: 4.5820
Training Epoch: 0 [40960/51200]	Loss: 4.5846
Training Epoch: 0 [43008/51200]	Loss: 4.5849
Training Epoch: 0 [45056/51200]	Loss: 4.5737
Training Epoch: 0 [47104/51200]	Loss: 4.5784
Profile done with power limit 175W
epoch 1 train time consumed: 43.62s
Validation Epoch: 0, Average loss: 0.0023, Accuracy: 0.0098
Stopped Zeus monitor 0.
