Files already downloaded and verified
Files already downloaded and verified
power limit arg: 100
learning rate arg: 0.004525483399593905
batch size arg: 256
ProfileDataLoader constructor: called constructor of DataLoader!
ProfileDataLoader constructor: called constructor of DataLoader!
Launching Zeus monitor 0...
[GPU_0] Set GPU power limit to 100W.
Warm-up started with power limit 100W
Training Epoch: 0 [256/50176]	Loss: 4.6571
Training Epoch: 0 [512/50176]	Loss: 5.5787
Training Epoch: 0 [768/50176]	Loss: 5.3852
Training Epoch: 0 [1024/50176]	Loss: 5.1467
Training Epoch: 0 [1280/50176]	Loss: 4.9709
Training Epoch: 0 [1536/50176]	Loss: 4.9607
Training Epoch: 0 [1792/50176]	Loss: 4.7120
Training Epoch: 0 [2048/50176]	Loss: 4.6132
Training Epoch: 0 [2304/50176]	Loss: 4.7834
Training Epoch: 0 [2560/50176]	Loss: 4.6944
Training Epoch: 0 [2816/50176]	Loss: 4.6664
Training Epoch: 0 [3072/50176]	Loss: 4.6571
Training Epoch: 0 [3328/50176]	Loss: 4.6151
Training Epoch: 0 [3584/50176]	Loss: 4.5953
Training Epoch: 0 [3840/50176]	Loss: 4.6801
Training Epoch: 0 [4096/50176]	Loss: 4.7037
Training Epoch: 0 [4352/50176]	Loss: 4.6073
Training Epoch: 0 [4608/50176]	Loss: 4.5083
Training Epoch: 0 [4864/50176]	Loss: 4.5445
Training Epoch: 0 [5120/50176]	Loss: 4.5509
Training Epoch: 0 [5376/50176]	Loss: 4.4935
Training Epoch: 0 [5632/50176]	Loss: 4.6433
Training Epoch: 0 [5888/50176]	Loss: 4.4530
Training Epoch: 0 [6144/50176]	Loss: 4.3602
Training Epoch: 0 [6400/50176]	Loss: 4.5188
Training Epoch: 0 [6656/50176]	Loss: 4.4875
Training Epoch: 0 [6912/50176]	Loss: 4.4630
Training Epoch: 0 [7168/50176]	Loss: 4.5261
Training Epoch: 0 [7424/50176]	Loss: 4.4269
Training Epoch: 0 [7680/50176]	Loss: 4.3555
Training Epoch: 0 [7936/50176]	Loss: 4.3917
Training Epoch: 0 [8192/50176]	Loss: 4.3116
Training Epoch: 0 [8448/50176]	Loss: 4.3857
Training Epoch: 0 [8704/50176]	Loss: 4.3254
Training Epoch: 0 [8960/50176]	Loss: 4.3471
Training Epoch: 0 [9216/50176]	Loss: 4.3108
Training Epoch: 0 [9472/50176]	Loss: 4.3164
Training Epoch: 0 [9728/50176]	Loss: 4.3051
Training Epoch: 0 [9984/50176]	Loss: 4.2669
Training Epoch: 0 [10240/50176]	Loss: 4.3230
Training Epoch: 0 [10496/50176]	Loss: 4.2517
Training Epoch: 0 [10752/50176]	Loss: 4.1816
Training Epoch: 0 [11008/50176]	Loss: 4.1740
Training Epoch: 0 [11264/50176]	Loss: 4.3176
Training Epoch: 0 [11520/50176]	Loss: 4.1734
Training Epoch: 0 [11776/50176]	Loss: 4.2369
Training Epoch: 0 [12032/50176]	Loss: 4.2698
Training Epoch: 0 [12288/50176]	Loss: 4.1332
Training Epoch: 0 [12544/50176]	Loss: 4.1735
Training Epoch: 0 [12800/50176]	Loss: 4.1224
Profile done with power limit 100W
epoch 1 train time consumed: 37.29s
Validation Epoch: 0, Average loss: 0.0183, Accuracy: 0.0353
Stopped Zeus monitor 0.
